This is pdfTeX, Version 3.141592653-2.6-1.40.25 (TeX Live 2023/Debian) (preloaded format=pdflatex 2024.9.5)  19 SEP 2024 10:30
entering extended mode
 restricted \write18 enabled.
 file:line:error style messages enabled.
 %&-line parsing enabled.
**/home/qtbodart/Git/Work/UCLouvain/FYKI/LMAPR1230/Synthèses/Synthese.tex
(/home/qtbodart/Git/Work/UCLouvain/FYKI/LMAPR1230/Synthèses/Synthese.tex
LaTeX2e <2023-11-01> patch level 1
L3 programming layer <2024-01-22>
(/usr/share/texlive/texmf-dist/tex/latex/base/article.cls
Document Class: article 2023/05/17 v1.4n Standard LaTeX document class
(/usr/share/texlive/texmf-dist/tex/latex/base/size10.clo
File: size10.clo 2023/05/17 v1.4n Standard LaTeX file (size option)
)
\c@part=\count187
\c@section=\count188
\c@subsection=\count189
\c@subsubsection=\count190
\c@paragraph=\count191
\c@subparagraph=\count192
\c@figure=\count193
\c@table=\count194
\abovecaptionskip=\skip48
\belowcaptionskip=\skip49
\bibindent=\dimen140
) (/usr/share/texlive/texmf-dist/tex/latex/graphics/graphicx.sty
Package: graphicx 2021/09/16 v1.2d Enhanced LaTeX Graphics (DPC,SPQR)
 (/usr/share/texlive/texmf-dist/tex/latex/graphics/keyval.sty
Package: keyval 2022/05/29 v1.15 key=value parser (DPC)
\KV@toks@=\toks17
) (/usr/share/texlive/texmf-dist/tex/latex/graphics/graphics.sty
Package: graphics 2022/03/10 v1.4e Standard LaTeX Graphics (DPC,SPQR)
 (/usr/share/texlive/texmf-dist/tex/latex/graphics/trig.sty
Package: trig 2021/08/11 v1.11 sin cos tan (DPC)
) (/usr/share/texlive/texmf-dist/tex/latex/graphics-cfg/graphics.cfg
File: graphics.cfg 2016/06/04 v1.11 sample graphics configuration
)
Package graphics Info: Driver file: pdftex.def on input line 107.
 (/usr/share/texlive/texmf-dist/tex/latex/graphics-def/pdftex.def
File: pdftex.def 2022/09/22 v1.2b Graphics/color driver for pdftex
))
\Gin@req@height=\dimen141
\Gin@req@width=\dimen142
) (/usr/share/texlive/texmf-dist/tex/latex/amsmath/amsmath.sty
Package: amsmath 2023/05/13 v2.17o AMS math features
\@mathmargin=\skip50

For additional information on amsmath, use the `?' option.
(/usr/share/texlive/texmf-dist/tex/latex/amsmath/amstext.sty
Package: amstext 2021/08/26 v2.01 AMS text
 (/usr/share/texlive/texmf-dist/tex/latex/amsmath/amsgen.sty
File: amsgen.sty 1999/11/30 v2.0 generic functions
\@emptytoks=\toks18
\ex@=\dimen143
)) (/usr/share/texlive/texmf-dist/tex/latex/amsmath/amsbsy.sty
Package: amsbsy 1999/11/29 v1.2d Bold Symbols
\pmbraise@=\dimen144
) (/usr/share/texlive/texmf-dist/tex/latex/amsmath/amsopn.sty
Package: amsopn 2022/04/08 v2.04 operator names
)
\inf@bad=\count195
LaTeX Info: Redefining \frac on input line 234.
\uproot@=\count196
\leftroot@=\count197
LaTeX Info: Redefining \overline on input line 399.
LaTeX Info: Redefining \colon on input line 410.
\classnum@=\count198
\DOTSCASE@=\count199
LaTeX Info: Redefining \ldots on input line 496.
LaTeX Info: Redefining \dots on input line 499.
LaTeX Info: Redefining \cdots on input line 620.
\Mathstrutbox@=\box51
\strutbox@=\box52
LaTeX Info: Redefining \big on input line 722.
LaTeX Info: Redefining \Big on input line 723.
LaTeX Info: Redefining \bigg on input line 724.
LaTeX Info: Redefining \Bigg on input line 725.
\big@size=\dimen145
LaTeX Font Info:    Redeclaring font encoding OML on input line 743.
LaTeX Font Info:    Redeclaring font encoding OMS on input line 744.
\macc@depth=\count266
LaTeX Info: Redefining \bmod on input line 905.
LaTeX Info: Redefining \pmod on input line 910.
LaTeX Info: Redefining \smash on input line 940.
LaTeX Info: Redefining \relbar on input line 970.
LaTeX Info: Redefining \Relbar on input line 971.
\c@MaxMatrixCols=\count267
\dotsspace@=\muskip16
\c@parentequation=\count268
\dspbrk@lvl=\count269
\tag@help=\toks19
\row@=\count270
\column@=\count271
\maxfields@=\count272
\andhelp@=\toks20
\eqnshift@=\dimen146
\alignsep@=\dimen147
\tagshift@=\dimen148
\tagwidth@=\dimen149
\totwidth@=\dimen150
\lineht@=\dimen151
\@envbody=\toks21
\multlinegap=\skip51
\multlinetaggap=\skip52
\mathdisplay@stack=\toks22
LaTeX Info: Redefining \[ on input line 2953.
LaTeX Info: Redefining \] on input line 2954.
) (/usr/share/texlive/texmf-dist/tex/latex/l3backend/l3backend-pdftex.def
File: l3backend-pdftex.def 2024-01-04 L3 backend support: PDF output (pdfTeX)
\l__color_backend_stack_int=\count273
\l__pdf_internal_box=\box53
) (./Synthese.aux)
\openout1 = `Synthese.aux'.

LaTeX Font Info:    Checking defaults for OML/cmm/m/it on input line 12.
LaTeX Font Info:    ... okay on input line 12.
LaTeX Font Info:    Checking defaults for OMS/cmsy/m/n on input line 12.
LaTeX Font Info:    ... okay on input line 12.
LaTeX Font Info:    Checking defaults for OT1/cmr/m/n on input line 12.
LaTeX Font Info:    ... okay on input line 12.
LaTeX Font Info:    Checking defaults for T1/cmr/m/n on input line 12.
LaTeX Font Info:    ... okay on input line 12.
LaTeX Font Info:    Checking defaults for TS1/cmr/m/n on input line 12.
LaTeX Font Info:    ... okay on input line 12.
LaTeX Font Info:    Checking defaults for OMX/cmex/m/n on input line 12.
LaTeX Font Info:    ... okay on input line 12.
LaTeX Font Info:    Checking defaults for U/cmr/m/n on input line 12.
LaTeX Font Info:    ... okay on input line 12.
 (/usr/share/texlive/texmf-dist/tex/context/base/mkii/supp-pdf.mkii
[Loading MPS to PDF converter (version 2006.09.02).]
\scratchcounter=\count274
\scratchdimen=\dimen152
\scratchbox=\box54
\nofMPsegments=\count275
\nofMParguments=\count276
\everyMPshowfont=\toks23
\MPscratchCnt=\count277
\MPscratchDim=\dimen153
\MPnumerator=\count278
\makeMPintoPDFobject=\count279
\everyMPtoPDFconversion=\toks24
) (/usr/share/texlive/texmf-dist/tex/latex/epstopdf-pkg/epstopdf-base.sty
Package: epstopdf-base 2020-01-24 v2.11 Base part for package epstopdf
 (/usr/share/texlive/texmf-dist/tex/generic/infwarerr/infwarerr.sty
Package: infwarerr 2019/12/03 v1.5 Providing info/warning/error messages (HO)
) (/usr/share/texlive/texmf-dist/tex/latex/grfext/grfext.sty
Package: grfext 2019/12/03 v1.3 Manage graphics extensions (HO)
 (/usr/share/texlive/texmf-dist/tex/generic/kvdefinekeys/kvdefinekeys.sty
Package: kvdefinekeys 2019-12-19 v1.6 Define keys (HO)
)) (/usr/share/texlive/texmf-dist/tex/latex/kvoptions/kvoptions.sty
Package: kvoptions 2022-06-15 v3.15 Key value format for package options (HO)
 (/usr/share/texlive/texmf-dist/tex/generic/ltxcmds/ltxcmds.sty
Package: ltxcmds 2023-12-04 v1.26 LaTeX kernel commands for general use (HO)
) (/usr/share/texlive/texmf-dist/tex/latex/kvsetkeys/kvsetkeys.sty
Package: kvsetkeys 2022-10-05 v1.19 Key value parser (HO)
)) (/usr/share/texlive/texmf-dist/tex/generic/pdftexcmds/pdftexcmds.sty
Package: pdftexcmds 2020-06-27 v0.33 Utility functions of pdfTeX for LuaTeX (HO)
 (/usr/share/texlive/texmf-dist/tex/generic/iftex/iftex.sty
Package: iftex 2022/02/03 v1.0f TeX engine tests
)
Package pdftexcmds Info: \pdf@primitive is available.
Package pdftexcmds Info: \pdf@ifprimitive is available.
Package pdftexcmds Info: \pdfdraftmode found.
)
Package epstopdf-base Info: Redefining graphics rule for `.eps' on input line 485.
Package grfext Info: Graphics extension search list:
(grfext)             [.pdf,.png,.jpg,.mps,.jpeg,.jbig2,.jb2,.PDF,.PNG,.JPG,.JPEG,.JBIG2,.JB2,.eps]
(grfext)             \AppendGraphicsExtensions on input line 504.
 (/usr/share/texlive/texmf-dist/tex/latex/latexconfig/epstopdf-sys.cfg
File: epstopdf-sys.cfg 2010/07/13 v1.3 Configuration of (r)epstopdf for TeX Live
)) (./Synthese.toc)
\tf@toc=\write3
\openout3 = `Synthese.toc'.

 [1

{/var/lib/texmf/fonts/map/pdftex/updmap/pdftex.map}]
LaTeX Font Info:    Trying to load font information for TS1+cmss on input line 19.
 (/usr/share/texlive/texmf-dist/tex/latex/base/ts1cmss.fd
File: ts1cmss.fd 2023/04/13 v2.5m Standard LaTeX font definitions
)
Underfull \hbox (badness 10000) in paragraph at lines 31--38

 []

<./Images/hybridation_carbone.png, id=10, 606.76688pt x 414.04688pt>
File: ./Images/hybridation_carbone.png Graphic file (type png)
<use ./Images/hybridation_carbone.png>
Package pdftex.def Info: ./Images/hybridation_carbone.png  used on input line 57.
(pdftex.def)             Requested size: 303.38269pt x 207.02292pt.
<./Images/liaison_double_c_c.png, id=12, 535.2497pt x 320.69812pt>
File: ./Images/liaison_double_c_c.png Graphic file (type png)
<use ./Images/liaison_double_c_c.png>
Package pdftex.def Info: ./Images/liaison_double_c_c.png  used on input line 63.
(pdftex.def)             Requested size: 267.62419pt x 160.34866pt.
<./Images/liaison_triple_c_c.png, id=13, 458.46281pt x 344.03531pt>
File: ./Images/liaison_triple_c_c.png Graphic file (type png)
<use ./Images/liaison_triple_c_c.png>
Package pdftex.def Info: ./Images/liaison_triple_c_c.png  used on input line 66.
(pdftex.def)             Requested size: 229.23083pt x 172.01723pt.

Underfull \hbox (badness 10000) in paragraph at lines 54--67

 []


Underfull \hbox (badness 10000) in paragraph at lines 54--67

 []

[2] [3 <./Images/hybridation_carbone.png> <./Images/liaison_double_c_c.png>]
<./Images/VSEPR.png, id=26, 490.83376pt x 322.95656pt>
File: ./Images/VSEPR.png Graphic file (type png)
<use ./Images/VSEPR.png>
Package pdftex.def Info: ./Images/VSEPR.png  used on input line 77.
(pdftex.def)             Requested size: 343.58128pt x 226.06804pt.

Underfull \hbox (badness 10000) in paragraph at lines 71--78

 []

[4 <./Images/liaison_triple_c_c.png> <./Images/VSEPR.png>]
<./Images/structures_planes.png, id=32, 496.10344pt x 85.82062pt>
File: ./Images/structures_planes.png Graphic file (type png)
<use ./Images/structures_planes.png>
Package pdftex.def Info: ./Images/structures_planes.png  used on input line 89.
(pdftex.def)             Requested size: 297.66435pt x 51.49275pt.
<./Images/formule_topologique.png, id=33, 370.38374pt x 59.47218pt>
File: ./Images/formule_topologique.png Graphic file (type png)
<use ./Images/formule_topologique.png>
Package pdftex.def Info: ./Images/formule_topologique.png  used on input line 92.
(pdftex.def)             Requested size: 296.30739pt x 47.5778pt.
<./Images/charge_formelle.png, id=34, 384.6872pt x 166.37157pt>
File: ./Images/charge_formelle.png Graphic file (type png)
<use ./Images/charge_formelle.png>
Package pdftex.def Info: ./Images/charge_formelle.png  used on input line 98.
(pdftex.def)             Requested size: 384.68625pt x 166.37114pt.

Overfull \hbox (39.68625pt too wide) in paragraph at lines 96--99
[] 
 []

<./Images/nomenclature_alcanes.png, id=35, 347.79938pt x 250.68657pt>
File: ./Images/nomenclature_alcanes.png Graphic file (type png)
<use ./Images/nomenclature_alcanes.png>
Package pdftex.def Info: ./Images/nomenclature_alcanes.png  used on input line 103.
(pdftex.def)             Requested size: 347.79852pt x 250.68594pt.

Overfull \hbox (2.79852pt too wide) in paragraph at lines 102--104
[] 
 []

[5 <./Images/structures_planes.png> <./Images/formule_topologique.png> <./Images/charge_formelle.png>]
Underfull \hbox (badness 10000) in paragraph at lines 106--108

 []

<./Images/groupes_alkyles.png, id=42, 476.53032pt x 218.31563pt>
File: ./Images/groupes_alkyles.png Graphic file (type png)
<use ./Images/groupes_alkyles.png>
Package pdftex.def Info: ./Images/groupes_alkyles.png  used on input line 122.
(pdftex.def)             Requested size: 190.60875pt x 87.32469pt.
<./Images/groupes_alkyles_particuliers.png, id=43, 457.71pt x 206.27063pt>
File: ./Images/groupes_alkyles_particuliers.png Graphic file (type png)
<use ./Images/groupes_alkyles_particuliers.png>
Package pdftex.def Info: ./Images/groupes_alkyles_particuliers.png  used on input line 123.
(pdftex.def)             Requested size: 183.08075pt x 82.50677pt.

Overfull \hbox (30.91171pt too wide) in paragraph at lines 121--124
[] [] 
 []

[6 <./Images/nomenclature_alcanes.png>]
<./Images/alcanes_cycliques.png, id=48, 447.17062pt x 234.1247pt>
File: ./Images/alcanes_cycliques.png Graphic file (type png)
<use ./Images/alcanes_cycliques.png>
Package pdftex.def Info: ./Images/alcanes_cycliques.png  used on input line 126.
(pdftex.def)             Requested size: 447.16953pt x 234.12411pt.

Overfull \hbox (102.16953pt too wide) in paragraph at lines 126--127
[] 
 []

[7 <./Images/groupes_alkyles.png> <./Images/groupes_alkyles_particuliers.png> <./Images/alcanes_cycliques.png>]
<./Images/cetone.png, id=56, 122.70844pt x 105.39375pt>
File: ./Images/cetone.png Graphic file (type png)
<use ./Images/cetone.png>
Package pdftex.def Info: ./Images/cetone.png  used on input line 135.
(pdftex.def)             Requested size: 61.35406pt x 52.69673pt.
<./Images/aldehyde.png, id=57, 121.20282pt x 108.405pt>
File: ./Images/aldehyde.png Graphic file (type png)
<use ./Images/aldehyde.png>
Package pdftex.def Info: ./Images/aldehyde.png  used on input line 136.
(pdftex.def)             Requested size: 60.60126pt x 54.20236pt.
<./Images/acide_carboxylique.png, id=58, 152.82094pt x 112.92188pt>
File: ./Images/acide_carboxylique.png Graphic file (type png)
<use ./Images/acide_carboxylique.png>
Package pdftex.def Info: ./Images/acide_carboxylique.png  used on input line 137.
(pdftex.def)             Requested size: 76.41026pt x 56.46078pt.
<./Images/ester.png, id=59, 156.585pt x 109.91063pt>
File: ./Images/ester.png Graphic file (type png)
<use ./Images/ester.png>
Package pdftex.def Info: ./Images/ester.png  used on input line 138.
(pdftex.def)             Requested size: 78.2923pt x 54.95517pt.

Underfull \hbox (badness 10000) in paragraph at lines 139--141

 []

[8 <./Images/cetone.png> <./Images/aldehyde.png> <./Images/acide_carboxylique.png> <./Images/ester.png>] (./Synthese.aux)
 ***********
LaTeX2e <2023-11-01> patch level 1
L3 programming layer <2024-01-22>
 ***********
 ) 
Here is how much of TeX's memory you used:
 2751 strings out of 476139
 46341 string characters out of 5794455
 1931975 words of memory out of 5000000
 24737 multiletter control sequences out of 15000+600000
 564381 words of font info for 58 fonts, out of 8000000 for 9000
 36 hyphenation exceptions out of 8191
 61i,6n,69p,305b,199s stack positions out of 10000i,1000n,20000p,200000b,200000s
 </home/qtbodart/.texlive2023/texmf-var/fonts/pk/ljfour/jknappen/ec/tcss1000.600pk></usr/share/texlive/texmf-dist/fonts/type1/public/amsfonts/cm/cmmi10.pfb></usr/share/texlive/texmf-dist/fonts/type1/public/amsfonts/cm/cmr7.pfb></usr/share/texlive/texmf-dist/fonts/type1/public/amsfonts/cm/cmss10.pfb></usr/share/texlive/texmf-dist/fonts/type1/public/amsfonts/cm/cmss12.pfb></usr/share/texlive/texmf-dist/fonts/type1/public/amsfonts/cm/cmss17.pfb></usr/share/texlive/texmf-dist/fonts/type1/public/amsfonts/cm/cmssbx10.pfb></usr/share/texlive/texmf-dist/fonts/type1/public/amsfonts/cm/cmsy10.pfb></usr/share/texlive/texmf-dist/fonts/type1/public/amsfonts/cm/cmsy7.pfb>
Output written on Synthese.pdf (8 pages, 703742 bytes).
PDF statistics:
 107 PDF objects out of 1000 (max. 8388607)
 49 compressed objects within 1 object stream
 0 named destinations out of 1000 (max. 500000)
 76 words of extra memory for PDF output out of 10000 (max. 10000000)

