This is pdfTeX, Version 3.141592653-2.6-1.40.25 (TeX Live 2023/Debian) (preloaded format=pdflatex 2024.9.26)  26 SEP 2024 10:38
entering extended mode
 restricted \write18 enabled.
 file:line:error style messages enabled.
 %&-line parsing enabled.
**"/home/qtbodart/Git/Work/UCLouvain/FYKI/LMAPR1230 - Chimie Organique/Synthèses/Notes/Synthese.tex"
(/home/qtbodart/Git/Work/UCLouvain/FYKI/LMAPR1230 - Chimie Organique/Synthèses/Notes/Synthese.tex
LaTeX2e <2023-11-01> patch level 1
L3 programming layer <2024-01-22>
(/usr/share/texlive/texmf-dist/tex/latex/base/article.cls
Document Class: article 2023/05/17 v1.4n Standard LaTeX document class
(/usr/share/texlive/texmf-dist/tex/latex/base/size10.clo
File: size10.clo 2023/05/17 v1.4n Standard LaTeX file (size option)
)
\c@part=\count187
\c@section=\count188
\c@subsection=\count189
\c@subsubsection=\count190
\c@paragraph=\count191
\c@subparagraph=\count192
\c@figure=\count193
\c@table=\count194
\abovecaptionskip=\skip48
\belowcaptionskip=\skip49
\bibindent=\dimen140
) (/usr/share/texlive/texmf-dist/tex/latex/graphics/graphicx.sty
Package: graphicx 2021/09/16 v1.2d Enhanced LaTeX Graphics (DPC,SPQR)
 (/usr/share/texlive/texmf-dist/tex/latex/graphics/keyval.sty
Package: keyval 2022/05/29 v1.15 key=value parser (DPC)
\KV@toks@=\toks17
) (/usr/share/texlive/texmf-dist/tex/latex/graphics/graphics.sty
Package: graphics 2022/03/10 v1.4e Standard LaTeX Graphics (DPC,SPQR)
 (/usr/share/texlive/texmf-dist/tex/latex/graphics/trig.sty
Package: trig 2021/08/11 v1.11 sin cos tan (DPC)
) (/usr/share/texlive/texmf-dist/tex/latex/graphics-cfg/graphics.cfg
File: graphics.cfg 2016/06/04 v1.11 sample graphics configuration
)
Package graphics Info: Driver file: pdftex.def on input line 107.
 (/usr/share/texlive/texmf-dist/tex/latex/graphics-def/pdftex.def
File: pdftex.def 2022/09/22 v1.2b Graphics/color driver for pdftex
))
\Gin@req@height=\dimen141
\Gin@req@width=\dimen142
) (/usr/share/texlive/texmf-dist/tex/latex/graphics/pdfpages.sty
Package: pdfpages 2024/08/20 v0.6b Insert pages of external PDF documents (AM)
 (/usr/share/texlive/texmf-dist/tex/latex/base/ifthen.sty
Package: ifthen 2022/04/13 v1.1d Standard LaTeX ifthen package (DPC)
) (/usr/share/texlive/texmf-dist/tex/latex/tools/calc.sty
Package: calc 2023/07/08 v4.3 Infix arithmetic (KKT,FJ)
\calc@Acount=\count195
\calc@Bcount=\count196
\calc@Adimen=\dimen143
\calc@Bdimen=\dimen144
\calc@Askip=\skip50
\calc@Bskip=\skip51
LaTeX Info: Redefining \setlength on input line 80.
LaTeX Info: Redefining \addtolength on input line 81.
\calc@Ccount=\count197
\calc@Cskip=\skip52
) (/usr/share/texlive/texmf-dist/tex/latex/eso-pic/eso-pic.sty
Package: eso-pic 2023/05/03 v3.0c eso-pic (RN)
\ESO@tempdima=\dimen145
\ESO@tempdimb=\dimen146
 (/usr/share/texlive/texmf-dist/tex/latex/xcolor/xcolor.sty
Package: xcolor 2023/11/15 v3.01 LaTeX color extensions (UK)
 (/usr/share/texlive/texmf-dist/tex/latex/graphics-cfg/color.cfg
File: color.cfg 2016/01/02 v1.6 sample color configuration
)
Package xcolor Info: Driver file: pdftex.def on input line 274.
 (/usr/share/texlive/texmf-dist/tex/latex/graphics/mathcolor.ltx)
Package xcolor Info: Model `cmy' substituted by `cmy0' on input line 1350.
Package xcolor Info: Model `hsb' substituted by `rgb' on input line 1354.
Package xcolor Info: Model `RGB' extended on input line 1366.
Package xcolor Info: Model `HTML' substituted by `rgb' on input line 1368.
Package xcolor Info: Model `Hsb' substituted by `hsb' on input line 1369.
Package xcolor Info: Model `tHsb' substituted by `hsb' on input line 1370.
Package xcolor Info: Model `HSB' substituted by `hsb' on input line 1371.
Package xcolor Info: Model `Gray' substituted by `gray' on input line 1372.
Package xcolor Info: Model `wave' substituted by `hsb' on input line 1373.
))
\AM@pagewidth=\dimen147
\AM@pageheight=\dimen148
\AM@fboxrule=\dimen149
 (/usr/share/texlive/texmf-dist/tex/latex/pdfpages/pppdftex.def
File: pppdftex.def 2024/01/21 v0.5y Pdfpages driver for pdfTeX (AM)
)
\pdfpages@includegraphics@status=\count198
\AM@pagebox=\box51
\AM@global@opts=\toks18
\AM@pagecnt=\count199
\AM@toc@title=\toks19
\AM@lof@heading=\toks20
\c@AM@survey=\count266
\AM@templatesizebox=\box52
) (/usr/share/texlive/texmf-dist/tex/latex/amsmath/amsmath.sty
Package: amsmath 2023/05/13 v2.17o AMS math features
\@mathmargin=\skip53

For additional information on amsmath, use the `?' option.
(/usr/share/texlive/texmf-dist/tex/latex/amsmath/amstext.sty
Package: amstext 2021/08/26 v2.01 AMS text
 (/usr/share/texlive/texmf-dist/tex/latex/amsmath/amsgen.sty
File: amsgen.sty 1999/11/30 v2.0 generic functions
\@emptytoks=\toks21
\ex@=\dimen150
)) (/usr/share/texlive/texmf-dist/tex/latex/amsmath/amsbsy.sty
Package: amsbsy 1999/11/29 v1.2d Bold Symbols
\pmbraise@=\dimen151
) (/usr/share/texlive/texmf-dist/tex/latex/amsmath/amsopn.sty
Package: amsopn 2022/04/08 v2.04 operator names
)
\inf@bad=\count267
LaTeX Info: Redefining \frac on input line 234.
\uproot@=\count268
\leftroot@=\count269
LaTeX Info: Redefining \overline on input line 399.
LaTeX Info: Redefining \colon on input line 410.
\classnum@=\count270
\DOTSCASE@=\count271
LaTeX Info: Redefining \ldots on input line 496.
LaTeX Info: Redefining \dots on input line 499.
LaTeX Info: Redefining \cdots on input line 620.
\Mathstrutbox@=\box53
\strutbox@=\box54
LaTeX Info: Redefining \big on input line 722.
LaTeX Info: Redefining \Big on input line 723.
LaTeX Info: Redefining \bigg on input line 724.
LaTeX Info: Redefining \Bigg on input line 725.
\big@size=\dimen152
LaTeX Font Info:    Redeclaring font encoding OML on input line 743.
LaTeX Font Info:    Redeclaring font encoding OMS on input line 744.
\macc@depth=\count272
LaTeX Info: Redefining \bmod on input line 905.
LaTeX Info: Redefining \pmod on input line 910.
LaTeX Info: Redefining \smash on input line 940.
LaTeX Info: Redefining \relbar on input line 970.
LaTeX Info: Redefining \Relbar on input line 971.
\c@MaxMatrixCols=\count273
\dotsspace@=\muskip16
\c@parentequation=\count274
\dspbrk@lvl=\count275
\tag@help=\toks22
\row@=\count276
\column@=\count277
\maxfields@=\count278
\andhelp@=\toks23
\eqnshift@=\dimen153
\alignsep@=\dimen154
\tagshift@=\dimen155
\tagwidth@=\dimen156
\totwidth@=\dimen157
\lineht@=\dimen158
\@envbody=\toks24
\multlinegap=\skip54
\multlinetaggap=\skip55
\mathdisplay@stack=\toks25
LaTeX Info: Redefining \[ on input line 2953.
LaTeX Info: Redefining \] on input line 2954.
) (/usr/share/texlive/texmf-dist/tex/latex/l3backend/l3backend-pdftex.def
File: l3backend-pdftex.def 2024-01-04 L3 backend support: PDF output (pdfTeX)
\l__color_backend_stack_int=\count279
\l__pdf_internal_box=\box55
) (./Synthese.aux)
\openout1 = `Synthese.aux'.

LaTeX Font Info:    Checking defaults for OML/cmm/m/it on input line 18.
LaTeX Font Info:    ... okay on input line 18.
LaTeX Font Info:    Checking defaults for OMS/cmsy/m/n on input line 18.
LaTeX Font Info:    ... okay on input line 18.
LaTeX Font Info:    Checking defaults for OT1/cmr/m/n on input line 18.
LaTeX Font Info:    ... okay on input line 18.
LaTeX Font Info:    Checking defaults for T1/cmr/m/n on input line 18.
LaTeX Font Info:    ... okay on input line 18.
LaTeX Font Info:    Checking defaults for TS1/cmr/m/n on input line 18.
LaTeX Font Info:    ... okay on input line 18.
LaTeX Font Info:    Checking defaults for OMX/cmex/m/n on input line 18.
LaTeX Font Info:    ... okay on input line 18.
LaTeX Font Info:    Checking defaults for U/cmr/m/n on input line 18.
LaTeX Font Info:    ... okay on input line 18.
 (/usr/share/texlive/texmf-dist/tex/context/base/mkii/supp-pdf.mkii
[Loading MPS to PDF converter (version 2006.09.02).]
\scratchcounter=\count280
\scratchdimen=\dimen159
\scratchbox=\box56
\nofMPsegments=\count281
\nofMParguments=\count282
\everyMPshowfont=\toks26
\MPscratchCnt=\count283
\MPscratchDim=\dimen160
\MPnumerator=\count284
\makeMPintoPDFobject=\count285
\everyMPtoPDFconversion=\toks27
) (/usr/share/texlive/texmf-dist/tex/latex/epstopdf-pkg/epstopdf-base.sty
Package: epstopdf-base 2020-01-24 v2.11 Base part for package epstopdf
 (/usr/share/texlive/texmf-dist/tex/generic/infwarerr/infwarerr.sty
Package: infwarerr 2019/12/03 v1.5 Providing info/warning/error messages (HO)
) (/usr/share/texlive/texmf-dist/tex/latex/grfext/grfext.sty
Package: grfext 2019/12/03 v1.3 Manage graphics extensions (HO)
 (/usr/share/texlive/texmf-dist/tex/generic/kvdefinekeys/kvdefinekeys.sty
Package: kvdefinekeys 2019-12-19 v1.6 Define keys (HO)
)) (/usr/share/texlive/texmf-dist/tex/latex/kvoptions/kvoptions.sty
Package: kvoptions 2022-06-15 v3.15 Key value format for package options (HO)
 (/usr/share/texlive/texmf-dist/tex/generic/ltxcmds/ltxcmds.sty
Package: ltxcmds 2023-12-04 v1.26 LaTeX kernel commands for general use (HO)
) (/usr/share/texlive/texmf-dist/tex/latex/kvsetkeys/kvsetkeys.sty
Package: kvsetkeys 2022-10-05 v1.19 Key value parser (HO)
)) (/usr/share/texlive/texmf-dist/tex/generic/pdftexcmds/pdftexcmds.sty
Package: pdftexcmds 2020-06-27 v0.33 Utility functions of pdfTeX for LuaTeX (HO)
 (/usr/share/texlive/texmf-dist/tex/generic/iftex/iftex.sty
Package: iftex 2022/02/03 v1.0f TeX engine tests
)
Package pdftexcmds Info: \pdf@primitive is available.
Package pdftexcmds Info: \pdf@ifprimitive is available.
Package pdftexcmds Info: \pdfdraftmode found.
)
Package epstopdf-base Info: Redefining graphics rule for `.eps' on input line 485.
Package grfext Info: Graphics extension search list:
(grfext)             [.pdf,.png,.jpg,.mps,.jpeg,.jbig2,.jb2,.PDF,.PNG,.JPG,.JPEG,.JBIG2,.JB2,.eps]
(grfext)             \AppendGraphicsExtensions on input line 504.
 (/usr/share/texlive/texmf-dist/tex/latex/latexconfig/epstopdf-sys.cfg
File: epstopdf-sys.cfg 2010/07/13 v1.3 Configuration of (r)epstopdf for TeX Live
)) (/usr/share/texlive/texmf-dist/tex/latex/pdflscape/pdflscape.sty
Package: pdflscape 2022-10-27 v0.13 Display of landscape pages in PDF
 (/usr/share/texlive/texmf-dist/tex/latex/pdflscape/pdflscape-nometadata.sty
Package: pdflscape-nometadata 2022-10-28 v0.13 Display of landscape pages in PDF (HO)
 (/usr/share/texlive/texmf-dist/tex/latex/graphics/lscape.sty
Package: lscape 2020/05/28 v3.02 Landscape Pages (DPC)
)
Package pdflscape Info: Auto-detected driver: pdftex on input line 81.
)) (./Synthese.toc)
\tf@toc=\write3
\openout3 = `Synthese.toc'.

 [1

{/var/lib/texmf/fonts/map/pdftex/updmap/pdftex.map}]
LaTeX Font Info:    Trying to load font information for TS1+cmss on input line 25.
 (/usr/share/texlive/texmf-dist/tex/latex/base/ts1cmss.fd
File: ts1cmss.fd 2023/04/13 v2.5m Standard LaTeX font definitions
)
Underfull \hbox (badness 10000) in paragraph at lines 37--44

 []

<./Images/hybridation_carbone.png, id=10, 606.76688pt x 414.04688pt>
File: ./Images/hybridation_carbone.png Graphic file (type png)
<use ./Images/hybridation_carbone.png>
Package pdftex.def Info: ./Images/hybridation_carbone.png  used on input line 63.
(pdftex.def)             Requested size: 303.38269pt x 207.02292pt.
<./Images/liaison_double_c_c.png, id=12, 535.2497pt x 320.69812pt>
File: ./Images/liaison_double_c_c.png Graphic file (type png)
<use ./Images/liaison_double_c_c.png>
Package pdftex.def Info: ./Images/liaison_double_c_c.png  used on input line 69.
(pdftex.def)             Requested size: 267.62419pt x 160.34866pt.
<./Images/liaison_triple_c_c.png, id=13, 458.46281pt x 344.03531pt>
File: ./Images/liaison_triple_c_c.png Graphic file (type png)
<use ./Images/liaison_triple_c_c.png>
Package pdftex.def Info: ./Images/liaison_triple_c_c.png  used on input line 72.
(pdftex.def)             Requested size: 229.23083pt x 172.01723pt.

Underfull \hbox (badness 10000) in paragraph at lines 60--73

 []


Underfull \hbox (badness 10000) in paragraph at lines 60--73

 []

[2{/usr/share/texmf/fonts/enc/dvips/cm-super/cm-super-ts1.enc}] [3 <./Images/hybridation_carbone.png> <./Images/liaison_double_c_c.png>]
<./Images/VSEPR.png, id=26, 490.83376pt x 322.95656pt>
File: ./Images/VSEPR.png Graphic file (type png)
<use ./Images/VSEPR.png>
Package pdftex.def Info: ./Images/VSEPR.png  used on input line 83.
(pdftex.def)             Requested size: 343.58128pt x 226.06804pt.

Underfull \hbox (badness 10000) in paragraph at lines 77--84

 []

[4 <./Images/liaison_triple_c_c.png> <./Images/VSEPR.png>]
<./Images/structures_planes.png, id=32, 496.10344pt x 85.82062pt>
File: ./Images/structures_planes.png Graphic file (type png)
<use ./Images/structures_planes.png>
Package pdftex.def Info: ./Images/structures_planes.png  used on input line 95.
(pdftex.def)             Requested size: 297.66435pt x 51.49275pt.
<./Images/formule_topologique.png, id=33, 370.38374pt x 59.47218pt>
File: ./Images/formule_topologique.png Graphic file (type png)
<use ./Images/formule_topologique.png>
Package pdftex.def Info: ./Images/formule_topologique.png  used on input line 98.
(pdftex.def)             Requested size: 296.30739pt x 47.5778pt.
<./Images/charge_formelle.png, id=34, 384.6872pt x 166.37157pt>
File: ./Images/charge_formelle.png Graphic file (type png)
<use ./Images/charge_formelle.png>
Package pdftex.def Info: ./Images/charge_formelle.png  used on input line 104.
(pdftex.def)             Requested size: 384.68625pt x 166.37114pt.

Overfull \hbox (39.68625pt too wide) in paragraph at lines 102--105
[] 
 []

<./Images/nomenclature_alcanes.png, id=35, 347.79938pt x 250.68657pt>
File: ./Images/nomenclature_alcanes.png Graphic file (type png)
<use ./Images/nomenclature_alcanes.png>
Package pdftex.def Info: ./Images/nomenclature_alcanes.png  used on input line 109.
(pdftex.def)             Requested size: 347.79852pt x 250.68594pt.

Overfull \hbox (2.79852pt too wide) in paragraph at lines 108--110
[] 
 []

[5 <./Images/structures_planes.png> <./Images/formule_topologique.png> <./Images/charge_formelle.png>]
Underfull \hbox (badness 10000) in paragraph at lines 112--114

 []

<./Images/groupes_alkyles.png, id=42, 476.53032pt x 218.31563pt>
File: ./Images/groupes_alkyles.png Graphic file (type png)
<use ./Images/groupes_alkyles.png>
Package pdftex.def Info: ./Images/groupes_alkyles.png  used on input line 128.
(pdftex.def)             Requested size: 190.60875pt x 87.32469pt.
<./Images/groupes_alkyles_particuliers.png, id=43, 457.71pt x 206.27063pt>
File: ./Images/groupes_alkyles_particuliers.png Graphic file (type png)
<use ./Images/groupes_alkyles_particuliers.png>
Package pdftex.def Info: ./Images/groupes_alkyles_particuliers.png  used on input line 129.
(pdftex.def)             Requested size: 183.08075pt x 82.50677pt.

Overfull \hbox (30.91171pt too wide) in paragraph at lines 127--130
[] [] 
 []

[6 <./Images/nomenclature_alcanes.png>]
<./Images/alcanes_cycliques.png, id=48, 447.17062pt x 234.1247pt>
File: ./Images/alcanes_cycliques.png Graphic file (type png)
<use ./Images/alcanes_cycliques.png>
Package pdftex.def Info: ./Images/alcanes_cycliques.png  used on input line 132.
(pdftex.def)             Requested size: 447.16953pt x 234.12411pt.

Overfull \hbox (102.16953pt too wide) in paragraph at lines 132--133
[] 
 []

[7 <./Images/groupes_alkyles.png> <./Images/groupes_alkyles_particuliers.png> <./Images/alcanes_cycliques.png>]
<./Images/cetone.png, id=56, 122.70844pt x 105.39375pt>
File: ./Images/cetone.png Graphic file (type png)
<use ./Images/cetone.png>
Package pdftex.def Info: ./Images/cetone.png  used on input line 141.
(pdftex.def)             Requested size: 61.35406pt x 52.69673pt.
<./Images/aldehyde.png, id=57, 121.20282pt x 108.405pt>
File: ./Images/aldehyde.png Graphic file (type png)
<use ./Images/aldehyde.png>
Package pdftex.def Info: ./Images/aldehyde.png  used on input line 142.
(pdftex.def)             Requested size: 60.60126pt x 54.20236pt.
<./Images/acide_carboxylique.png, id=58, 152.82094pt x 112.92188pt>
File: ./Images/acide_carboxylique.png Graphic file (type png)
<use ./Images/acide_carboxylique.png>
Package pdftex.def Info: ./Images/acide_carboxylique.png  used on input line 143.
(pdftex.def)             Requested size: 76.41026pt x 56.46078pt.
<./Images/ester.png, id=59, 156.585pt x 109.91063pt>
File: ./Images/ester.png Graphic file (type png)
<use ./Images/ester.png>
Package pdftex.def Info: ./Images/ester.png  used on input line 144.
(pdftex.def)             Requested size: 78.2923pt x 54.95517pt.

Underfull \hbox (badness 10000) in paragraph at lines 145--147

 []

[8 <./Images/cetone.png> <./Images/aldehyde.png> <./Images/acide_carboxylique.png> <./Images/ester.png>]
<Slides/CM2.pdf, id=68, page=3, 845.1575pt x 597.23125pt>
File: Slides/CM2.pdf Graphic file (type pdf)
<use Slides/CM2.pdf, page 3>
Package pdftex.def Info: Slides/CM2.pdf , page3 used on input line 161.
(pdftex.def)             Requested size: 211.28885pt x 149.30743pt.
<Slides/CM2.pdf, id=69, page=4, 845.1575pt x 597.23125pt>
File: Slides/CM2.pdf Graphic file (type pdf)
<use Slides/CM2.pdf, page 4>
Package pdftex.def Info: Slides/CM2.pdf , page4 used on input line 163.
(pdftex.def)             Requested size: 211.28885pt x 149.30743pt.
<Slides/CM2.pdf, id=70, page=5, 845.1575pt x 597.23125pt>
File: Slides/CM2.pdf Graphic file (type pdf)
<use Slides/CM2.pdf, page 5>
Package pdftex.def Info: Slides/CM2.pdf , page5 used on input line 165.
(pdftex.def)             Requested size: 211.28885pt x 149.30743pt.

Underfull \hbox (badness 10000) in paragraph at lines 168--177

 []


Underfull \hbox (badness 10000) in paragraph at lines 168--177

 []

[9 <./Slides/CM2.pdf> <./Slides/CM2.pdf

pdfTeX warning: pdflatex (file ./Slides/CM2.pdf): PDF inclusion: multiple pdfs with page group included in a single page
> <./Slides/CM2.pdf

pdfTeX warning: pdflatex (file ./Slides/CM2.pdf): PDF inclusion: multiple pdfs with page group included in a single page
>]
<Slides/CM2.pdf, id=206, page=7, 845.1575pt x 597.23125pt>
File: Slides/CM2.pdf Graphic file (type pdf)
<use Slides/CM2.pdf, page 7>
Package pdftex.def Info: Slides/CM2.pdf , page7 used on input line 177.
(pdftex.def)             Requested size: 211.28885pt x 149.30743pt.

Underfull \hbox (badness 10000) in paragraph at lines 180--185

 []


Underfull \hbox (badness 10000) in paragraph at lines 180--185

 []

<Slides/CM2.pdf, id=207, page=10, 845.1575pt x 597.23125pt>
File: Slides/CM2.pdf Graphic file (type pdf)
<use Slides/CM2.pdf, page 10>
Package pdftex.def Info: Slides/CM2.pdf , page10 used on input line 185.
(pdftex.def)             Requested size: 211.28885pt x 149.30743pt.
[10 <./Slides/CM2.pdf> <./Slides/CM2.pdf

pdfTeX warning: pdflatex (file ./Slides/CM2.pdf): PDF inclusion: multiple pdfs with page group included in a single page
>]
<Slides/CM2.pdf, id=249, page=16, 845.1575pt x 597.23125pt>
File: Slides/CM2.pdf Graphic file (type pdf)
<use Slides/CM2.pdf, page 16>
Package pdftex.def Info: Slides/CM2.pdf , page16 used on input line 194.
(pdftex.def)             Requested size: 211.28885pt x 149.30743pt.
<Slides/CM2.pdf, id=250, page=13, 845.1575pt x 597.23125pt>
File: Slides/CM2.pdf Graphic file (type pdf)
<use Slides/CM2.pdf, page 13>
Package pdftex.def Info: Slides/CM2.pdf , page13 used on input line 198.
(pdftex.def)             Requested size: 211.28885pt x 149.30743pt.
 [11 <./Slides/CM2.pdf> <./Slides/CM2.pdf

pdfTeX warning: pdflatex (file ./Slides/CM2.pdf): PDF inclusion: multiple pdfs with page group included in a single page
>]
<Slides/CM2.pdf, id=308, page=22, 845.1575pt x 597.23125pt>
File: Slides/CM2.pdf Graphic file (type pdf)
<use Slides/CM2.pdf, page 22>
Package pdftex.def Info: Slides/CM2.pdf , page22 used on input line 219.
(pdftex.def)             Requested size: 211.28885pt x 149.30743pt.
<Slides/CM2.pdf, id=309, page=24, 845.1575pt x 597.23125pt>
File: Slides/CM2.pdf Graphic file (type pdf)
<use Slides/CM2.pdf, page 24>
Package pdftex.def Info: Slides/CM2.pdf , page24 used on input line 224.
(pdftex.def)             Requested size: 211.28885pt x 149.30743pt.
<Slides/CM2.pdf, id=310, page=25, 845.1575pt x 597.23125pt>
File: Slides/CM2.pdf Graphic file (type pdf)
<use Slides/CM2.pdf, page 25>
Package pdftex.def Info: Slides/CM2.pdf , page25 used on input line 227.
(pdftex.def)             Requested size: 211.28885pt x 149.30743pt.
 [12 <./Slides/CM2.pdf> <./Slides/CM2.pdf

pdfTeX warning: pdflatex (file ./Slides/CM2.pdf): PDF inclusion: multiple pdfs with page group included in a single page
>]
<Slides/CM2.pdf, id=389, page=27, 845.1575pt x 597.23125pt>
File: Slides/CM2.pdf Graphic file (type pdf)
<use Slides/CM2.pdf, page 27>
Package pdftex.def Info: Slides/CM2.pdf , page27 used on input line 243.
(pdftex.def)             Requested size: 211.28885pt x 149.30743pt.
<Slides/CM2.pdf, id=390, page=28, 845.1575pt x 597.23125pt>
File: Slides/CM2.pdf Graphic file (type pdf)
<use Slides/CM2.pdf, page 28>
Package pdftex.def Info: Slides/CM2.pdf , page28 used on input line 244.
(pdftex.def)             Requested size: 211.28885pt x 149.30743pt.
 [13 <./Slides/CM2.pdf> <./Slides/CM2.pdf

pdfTeX warning: pdflatex (file ./Slides/CM2.pdf): PDF inclusion: multiple pdfs with page group included in a single page
>]
<Slides/CM2.pdf, id=559, page=35, 845.1575pt x 597.23125pt>
File: Slides/CM2.pdf Graphic file (type pdf)
<use Slides/CM2.pdf, page 35>
Package pdftex.def Info: Slides/CM2.pdf , page35 used on input line 248.
(pdftex.def)             Requested size: 211.28885pt x 149.30743pt.
<Slides/CM2.pdf, id=560, page=38, 845.1575pt x 597.23125pt>
File: Slides/CM2.pdf Graphic file (type pdf)
<use Slides/CM2.pdf, page 38>
Package pdftex.def Info: Slides/CM2.pdf , page38 used on input line 264.
(pdftex.def)             Requested size: 211.28885pt x 149.30743pt.
 [14 <./Slides/CM2.pdf> <./Slides/CM2.pdf

pdfTeX warning: pdflatex (file ./Slides/CM2.pdf): PDF inclusion: multiple pdfs with page group included in a single page
>]
Underfull \hbox (badness 10000) in paragraph at lines 265--269

 []

<Slides/CM2.pdf, id=630, page=41, 845.1575pt x 597.23125pt>
File: Slides/CM2.pdf Graphic file (type pdf)
<use Slides/CM2.pdf, page 41>
Package pdftex.def Info: Slides/CM2.pdf , page41 used on input line 269.
(pdftex.def)             Requested size: 211.28885pt x 149.30743pt.
<Slides/CM2.pdf, id=631, page=43, 845.1575pt x 597.23125pt>
File: Slides/CM2.pdf Graphic file (type pdf)
<use Slides/CM2.pdf, page 43>
Package pdftex.def Info: Slides/CM2.pdf , page43 used on input line 273.
(pdftex.def)             Requested size: 211.28885pt x 149.30743pt.
[15 <./Slides/CM2.pdf> <./Slides/CM2.pdf

pdfTeX warning: pdflatex (file ./Slides/CM2.pdf): PDF inclusion: multiple pdfs with page group included in a single page
>]
<Slides/CM2.pdf, id=727, page=44, 845.1575pt x 597.23125pt>
File: Slides/CM2.pdf Graphic file (type pdf)
<use Slides/CM2.pdf, page 44>
Package pdftex.def Info: Slides/CM2.pdf , page44 used on input line 275.
(pdftex.def)             Requested size: 211.28885pt x 149.30743pt.
<Slides/CM2.pdf, id=728, page=45, 845.1575pt x 597.23125pt>
File: Slides/CM2.pdf Graphic file (type pdf)
<use Slides/CM2.pdf, page 45>
Package pdftex.def Info: Slides/CM2.pdf , page45 used on input line 276.
(pdftex.def)             Requested size: 211.28885pt x 149.30743pt.
<Slides/CM2.pdf, id=729, page=46, 845.1575pt x 597.23125pt>
File: Slides/CM2.pdf Graphic file (type pdf)
<use Slides/CM2.pdf, page 46>
Package pdftex.def Info: Slides/CM2.pdf , page46 used on input line 279.
(pdftex.def)             Requested size: 211.28885pt x 149.30743pt.
 [16 <./Slides/CM2.pdf> <./Slides/CM2.pdf

pdfTeX warning: pdflatex (file ./Slides/CM2.pdf): PDF inclusion: multiple pdfs with page group included in a single page
> <./Slides/CM2.pdf

pdfTeX warning: pdflatex (file ./Slides/CM2.pdf): PDF inclusion: multiple pdfs with page group included in a single page
>]
<Slides/CM2.pdf, id=840, page=47, 845.1575pt x 597.23125pt>
File: Slides/CM2.pdf Graphic file (type pdf)
<use Slides/CM2.pdf, page 47>
Package pdftex.def Info: Slides/CM2.pdf , page47 used on input line 280.
(pdftex.def)             Requested size: 211.28885pt x 149.30743pt.
<Slides/CM2.pdf, id=841, page=48, 845.1575pt x 597.23125pt>
File: Slides/CM2.pdf Graphic file (type pdf)
<use Slides/CM2.pdf, page 48>
Package pdftex.def Info: Slides/CM2.pdf , page48 used on input line 281.
(pdftex.def)             Requested size: 211.28885pt x 149.30743pt.
<Slides/CM2.pdf, id=842, page=50, 845.1575pt x 597.23125pt>
File: Slides/CM2.pdf Graphic file (type pdf)
<use Slides/CM2.pdf, page 50>
Package pdftex.def Info: Slides/CM2.pdf , page50 used on input line 284.
(pdftex.def)             Requested size: 211.28885pt x 149.30743pt.
 [17 <./Slides/CM2.pdf> <./Slides/CM2.pdf

pdfTeX warning: pdflatex (file ./Slides/CM2.pdf): PDF inclusion: multiple pdfs with page group included in a single page
> <./Slides/CM2.pdf

pdfTeX warning: pdflatex (file ./Slides/CM2.pdf): PDF inclusion: multiple pdfs with page group included in a single page
>]
<Slides/CM2.pdf, id=924, page=51, 845.1575pt x 597.23125pt>
File: Slides/CM2.pdf Graphic file (type pdf)
<use Slides/CM2.pdf, page 51>
Package pdftex.def Info: Slides/CM2.pdf , page51 used on input line 285.
(pdftex.def)             Requested size: 211.28885pt x 149.30743pt.
 [18 <./Slides/CM2.pdf> <./Slides/CM2.pdf

pdfTeX warning: pdflatex (file ./Slides/CM2.pdf): PDF inclusion: multiple pdfs with page group included in a single page
>] (./Synthese.aux)
 ***********
LaTeX2e <2023-11-01> patch level 1
L3 programming layer <2024-01-22>
 ***********
 ) 
Here is how much of TeX's memory you used:
 4193 strings out of 474222
 70749 string characters out of 5748733
 1934975 words of memory out of 5000000
 26386 multiletter control sequences out of 15000+600000
 564381 words of font info for 58 fonts, out of 8000000 for 9000
 1141 hyphenation exceptions out of 8191
 68i,6n,79p,332b,265s stack positions out of 10000i,1000n,20000p,200000b,200000s
</usr/share/texlive/texmf-dist/fonts/type1/public/amsfonts/cm/cmmi10.pfb></usr/share/texlive/texmf-dist/fonts/type1/public/amsfonts/cm/cmr7.pfb></usr/share/texlive/texmf-dist/fonts/type1/public/amsfonts/cm/cmss10.pfb></usr/share/texlive/texmf-dist/fonts/type1/public/amsfonts/cm/cmss12.pfb></usr/share/texlive/texmf-dist/fonts/type1/public/amsfonts/cm/cmss17.pfb></usr/share/texlive/texmf-dist/fonts/type1/public/amsfonts/cm/cmssbx10.pfb></usr/share/texlive/texmf-dist/fonts/type1/public/amsfonts/cm/cmsy10.pfb></usr/share/texlive/texmf-dist/fonts/type1/public/amsfonts/cm/cmsy7.pfb></usr/share/texmf/fonts/type1/public/cm-super/sfss1000.pfb>
Output written on Synthese.pdf (18 pages, 5903591 bytes).
PDF statistics:
 1012 PDF objects out of 1200 (max. 8388607)
 647 compressed objects within 7 object streams
 0 named destinations out of 1000 (max. 500000)
 191 words of extra memory for PDF output out of 10000 (max. 10000000)

