This is pdfTeX, Version 3.141592653-2.6-1.40.25 (TeX Live 2023/Debian) (preloaded format=pdflatex 2024.9.26)  3 OCT 2024 12:33
entering extended mode
 restricted \write18 enabled.
 file:line:error style messages enabled.
 %&-line parsing enabled.
**/home/qtbodart/Git/Work/UCLouvain/INFO/LINFO1252/Synthèses/Notes/synthese.tex
(/home/qtbodart/Git/Work/UCLouvain/INFO/LINFO1252/Synthèses/Notes/synthese.tex
LaTeX2e <2023-11-01> patch level 1
L3 programming layer <2024-01-22>
(/usr/share/texlive/texmf-dist/tex/latex/base/article.cls
Document Class: article 2023/05/17 v1.4n Standard LaTeX document class
(/usr/share/texlive/texmf-dist/tex/latex/base/size10.clo
File: size10.clo 2023/05/17 v1.4n Standard LaTeX file (size option)
)
\c@part=\count187
\c@section=\count188
\c@subsection=\count189
\c@subsubsection=\count190
\c@paragraph=\count191
\c@subparagraph=\count192
\c@figure=\count193
\c@table=\count194
\abovecaptionskip=\skip48
\belowcaptionskip=\skip49
\bibindent=\dimen140
) (/usr/share/texlive/texmf-dist/tex/latex/graphics/graphicx.sty
Package: graphicx 2021/09/16 v1.2d Enhanced LaTeX Graphics (DPC,SPQR)
 (/usr/share/texlive/texmf-dist/tex/latex/graphics/keyval.sty
Package: keyval 2022/05/29 v1.15 key=value parser (DPC)
\KV@toks@=\toks17
) (/usr/share/texlive/texmf-dist/tex/latex/graphics/graphics.sty
Package: graphics 2022/03/10 v1.4e Standard LaTeX Graphics (DPC,SPQR)
 (/usr/share/texlive/texmf-dist/tex/latex/graphics/trig.sty
Package: trig 2021/08/11 v1.11 sin cos tan (DPC)
) (/usr/share/texlive/texmf-dist/tex/latex/graphics-cfg/graphics.cfg
File: graphics.cfg 2016/06/04 v1.11 sample graphics configuration
)
Package graphics Info: Driver file: pdftex.def on input line 107.
 (/usr/share/texlive/texmf-dist/tex/latex/graphics-def/pdftex.def
File: pdftex.def 2022/09/22 v1.2b Graphics/color driver for pdftex
))
\Gin@req@height=\dimen141
\Gin@req@width=\dimen142
) (/usr/share/texlive/texmf-dist/tex/latex/graphics/pdfpages.sty
Package: pdfpages 2024/08/20 v0.6b Insert pages of external PDF documents (AM)
 (/usr/share/texlive/texmf-dist/tex/latex/base/ifthen.sty
Package: ifthen 2022/04/13 v1.1d Standard LaTeX ifthen package (DPC)
) (/usr/share/texlive/texmf-dist/tex/latex/tools/calc.sty
Package: calc 2023/07/08 v4.3 Infix arithmetic (KKT,FJ)
\calc@Acount=\count195
\calc@Bcount=\count196
\calc@Adimen=\dimen143
\calc@Bdimen=\dimen144
\calc@Askip=\skip50
\calc@Bskip=\skip51
LaTeX Info: Redefining \setlength on input line 80.
LaTeX Info: Redefining \addtolength on input line 81.
\calc@Ccount=\count197
\calc@Cskip=\skip52
) (/usr/share/texlive/texmf-dist/tex/latex/eso-pic/eso-pic.sty
Package: eso-pic 2023/05/03 v3.0c eso-pic (RN)
\ESO@tempdima=\dimen145
\ESO@tempdimb=\dimen146
 (/usr/share/texlive/texmf-dist/tex/latex/xcolor/xcolor.sty
Package: xcolor 2023/11/15 v3.01 LaTeX color extensions (UK)
 (/usr/share/texlive/texmf-dist/tex/latex/graphics-cfg/color.cfg
File: color.cfg 2016/01/02 v1.6 sample color configuration
)
Package xcolor Info: Driver file: pdftex.def on input line 274.
 (/usr/share/texlive/texmf-dist/tex/latex/graphics/mathcolor.ltx)
Package xcolor Info: Model `cmy' substituted by `cmy0' on input line 1350.
Package xcolor Info: Model `hsb' substituted by `rgb' on input line 1354.
Package xcolor Info: Model `RGB' extended on input line 1366.
Package xcolor Info: Model `HTML' substituted by `rgb' on input line 1368.
Package xcolor Info: Model `Hsb' substituted by `hsb' on input line 1369.
Package xcolor Info: Model `tHsb' substituted by `hsb' on input line 1370.
Package xcolor Info: Model `HSB' substituted by `hsb' on input line 1371.
Package xcolor Info: Model `Gray' substituted by `gray' on input line 1372.
Package xcolor Info: Model `wave' substituted by `hsb' on input line 1373.
))
\AM@pagewidth=\dimen147
\AM@pageheight=\dimen148
\AM@fboxrule=\dimen149
 (/usr/share/texlive/texmf-dist/tex/latex/pdfpages/pppdftex.def
File: pppdftex.def 2024/01/21 v0.5y Pdfpages driver for pdfTeX (AM)
)
\pdfpages@includegraphics@status=\count198
\AM@pagebox=\box51
\AM@global@opts=\toks18
\AM@pagecnt=\count199
\AM@toc@title=\toks19
\AM@lof@heading=\toks20
\c@AM@survey=\count266
\AM@templatesizebox=\box52
) (/usr/share/texlive/texmf-dist/tex/latex/amsmath/amsmath.sty
Package: amsmath 2023/05/13 v2.17o AMS math features
\@mathmargin=\skip53

For additional information on amsmath, use the `?' option.
(/usr/share/texlive/texmf-dist/tex/latex/amsmath/amstext.sty
Package: amstext 2021/08/26 v2.01 AMS text
 (/usr/share/texlive/texmf-dist/tex/latex/amsmath/amsgen.sty
File: amsgen.sty 1999/11/30 v2.0 generic functions
\@emptytoks=\toks21
\ex@=\dimen150
)) (/usr/share/texlive/texmf-dist/tex/latex/amsmath/amsbsy.sty
Package: amsbsy 1999/11/29 v1.2d Bold Symbols
\pmbraise@=\dimen151
) (/usr/share/texlive/texmf-dist/tex/latex/amsmath/amsopn.sty
Package: amsopn 2022/04/08 v2.04 operator names
)
\inf@bad=\count267
LaTeX Info: Redefining \frac on input line 234.
\uproot@=\count268
\leftroot@=\count269
LaTeX Info: Redefining \overline on input line 399.
LaTeX Info: Redefining \colon on input line 410.
\classnum@=\count270
\DOTSCASE@=\count271
LaTeX Info: Redefining \ldots on input line 496.
LaTeX Info: Redefining \dots on input line 499.
LaTeX Info: Redefining \cdots on input line 620.
\Mathstrutbox@=\box53
\strutbox@=\box54
LaTeX Info: Redefining \big on input line 722.
LaTeX Info: Redefining \Big on input line 723.
LaTeX Info: Redefining \bigg on input line 724.
LaTeX Info: Redefining \Bigg on input line 725.
\big@size=\dimen152
LaTeX Font Info:    Redeclaring font encoding OML on input line 743.
LaTeX Font Info:    Redeclaring font encoding OMS on input line 744.
\macc@depth=\count272
LaTeX Info: Redefining \bmod on input line 905.
LaTeX Info: Redefining \pmod on input line 910.
LaTeX Info: Redefining \smash on input line 940.
LaTeX Info: Redefining \relbar on input line 970.
LaTeX Info: Redefining \Relbar on input line 971.
\c@MaxMatrixCols=\count273
\dotsspace@=\muskip16
\c@parentequation=\count274
\dspbrk@lvl=\count275
\tag@help=\toks22
\row@=\count276
\column@=\count277
\maxfields@=\count278
\andhelp@=\toks23
\eqnshift@=\dimen153
\alignsep@=\dimen154
\tagshift@=\dimen155
\tagwidth@=\dimen156
\totwidth@=\dimen157
\lineht@=\dimen158
\@envbody=\toks24
\multlinegap=\skip54
\multlinetaggap=\skip55
\mathdisplay@stack=\toks25
LaTeX Info: Redefining \[ on input line 2953.
LaTeX Info: Redefining \] on input line 2954.
) (/usr/share/texlive/texmf-dist/tex/latex/l3backend/l3backend-pdftex.def
File: l3backend-pdftex.def 2024-01-04 L3 backend support: PDF output (pdfTeX)
\l__color_backend_stack_int=\count279
\l__pdf_internal_box=\box55
) (./synthese.aux)
\openout1 = `synthese.aux'.

LaTeX Font Info:    Checking defaults for OML/cmm/m/it on input line 18.
LaTeX Font Info:    ... okay on input line 18.
LaTeX Font Info:    Checking defaults for OMS/cmsy/m/n on input line 18.
LaTeX Font Info:    ... okay on input line 18.
LaTeX Font Info:    Checking defaults for OT1/cmr/m/n on input line 18.
LaTeX Font Info:    ... okay on input line 18.
LaTeX Font Info:    Checking defaults for T1/cmr/m/n on input line 18.
LaTeX Font Info:    ... okay on input line 18.
LaTeX Font Info:    Checking defaults for TS1/cmr/m/n on input line 18.
LaTeX Font Info:    ... okay on input line 18.
LaTeX Font Info:    Checking defaults for OMX/cmex/m/n on input line 18.
LaTeX Font Info:    ... okay on input line 18.
LaTeX Font Info:    Checking defaults for U/cmr/m/n on input line 18.
LaTeX Font Info:    ... okay on input line 18.
 (/usr/share/texlive/texmf-dist/tex/context/base/mkii/supp-pdf.mkii
[Loading MPS to PDF converter (version 2006.09.02).]
\scratchcounter=\count280
\scratchdimen=\dimen159
\scratchbox=\box56
\nofMPsegments=\count281
\nofMParguments=\count282
\everyMPshowfont=\toks26
\MPscratchCnt=\count283
\MPscratchDim=\dimen160
\MPnumerator=\count284
\makeMPintoPDFobject=\count285
\everyMPtoPDFconversion=\toks27
) (/usr/share/texlive/texmf-dist/tex/latex/epstopdf-pkg/epstopdf-base.sty
Package: epstopdf-base 2020-01-24 v2.11 Base part for package epstopdf
 (/usr/share/texlive/texmf-dist/tex/generic/infwarerr/infwarerr.sty
Package: infwarerr 2019/12/03 v1.5 Providing info/warning/error messages (HO)
) (/usr/share/texlive/texmf-dist/tex/latex/grfext/grfext.sty
Package: grfext 2019/12/03 v1.3 Manage graphics extensions (HO)
 (/usr/share/texlive/texmf-dist/tex/generic/kvdefinekeys/kvdefinekeys.sty
Package: kvdefinekeys 2019-12-19 v1.6 Define keys (HO)
)) (/usr/share/texlive/texmf-dist/tex/latex/kvoptions/kvoptions.sty
Package: kvoptions 2022-06-15 v3.15 Key value format for package options (HO)
 (/usr/share/texlive/texmf-dist/tex/generic/ltxcmds/ltxcmds.sty
Package: ltxcmds 2023-12-04 v1.26 LaTeX kernel commands for general use (HO)
) (/usr/share/texlive/texmf-dist/tex/latex/kvsetkeys/kvsetkeys.sty
Package: kvsetkeys 2022-10-05 v1.19 Key value parser (HO)
)) (/usr/share/texlive/texmf-dist/tex/generic/pdftexcmds/pdftexcmds.sty
Package: pdftexcmds 2020-06-27 v0.33 Utility functions of pdfTeX for LuaTeX (HO)
 (/usr/share/texlive/texmf-dist/tex/generic/iftex/iftex.sty
Package: iftex 2022/02/03 v1.0f TeX engine tests
)
Package pdftexcmds Info: \pdf@primitive is available.
Package pdftexcmds Info: \pdf@ifprimitive is available.
Package pdftexcmds Info: \pdfdraftmode found.
)
Package epstopdf-base Info: Redefining graphics rule for `.eps' on input line 485.
Package grfext Info: Graphics extension search list:
(grfext)             [.pdf,.png,.jpg,.mps,.jpeg,.jbig2,.jb2,.PDF,.PNG,.JPG,.JPEG,.JBIG2,.JB2,.eps]
(grfext)             \AppendGraphicsExtensions on input line 504.
 (/usr/share/texlive/texmf-dist/tex/latex/latexconfig/epstopdf-sys.cfg
File: epstopdf-sys.cfg 2010/07/13 v1.3 Configuration of (r)epstopdf for TeX Live
)) (/usr/share/texlive/texmf-dist/tex/latex/pdflscape/pdflscape.sty
Package: pdflscape 2022-10-27 v0.13 Display of landscape pages in PDF
 (/usr/share/texlive/texmf-dist/tex/latex/pdflscape/pdflscape-nometadata.sty
Package: pdflscape-nometadata 2022-10-28 v0.13 Display of landscape pages in PDF (HO)
 (/usr/share/texlive/texmf-dist/tex/latex/graphics/lscape.sty
Package: lscape 2020/05/28 v3.02 Landscape Pages (DPC)
)
Package pdflscape Info: Auto-detected driver: pdftex on input line 81.
)) (./synthese.toc [1

{/var/lib/texmf/fonts/map/pdftex/updmap/pdftex.map}])
\tf@toc=\write3
\openout3 = `synthese.toc'.

 [2]
LaTeX Font Info:    Trying to load font information for TS1+cmss on input line 25.
 (/usr/share/texlive/texmf-dist/tex/latex/base/ts1cmss.fd
File: ts1cmss.fd 2023/04/13 v2.5m Standard LaTeX font definitions
)
Overfull \hbox (5.97513pt too wide) in paragraph at lines 31--31
[]\OT1/cmss/bx/n/12 Le syst^^Reme in-for-ma-tique et le r^ole du syst^^Reme d'exploitation 
 []

<./Images/von_neumann.png, id=13, 357.58594pt x 213.04594pt>
File: ./Images/von_neumann.png Graphic file (type png)
<use ./Images/von_neumann.png>
Package pdftex.def Info: ./Images/von_neumann.png  used on input line 55.
(pdftex.def)             Requested size: 178.79253pt x 106.5227pt.
[3{/usr/share/texmf/fonts/enc/dvips/cm-super/cm-super-ts1.enc} <./Images/von_neumann.png>]
<./Images/interruption.png, id=20, 496.10344pt x 275.52937pt>
File: ./Images/interruption.png Graphic file (type png)
<use ./Images/interruption.png>
Package pdftex.def Info: ./Images/interruption.png  used on input line 76.
(pdftex.def)             Requested size: 372.07666pt x 206.64651pt.

Overfull \hbox (27.07666pt too wide) in paragraph at lines 72--77
[] 
 []

<./Images/systeme_complet.png, id=21, 388.45125pt x 292.84406pt>
File: ./Images/systeme_complet.png Graphic file (type png)
<use ./Images/systeme_complet.png>
Package pdftex.def Info: ./Images/systeme_complet.png  used on input line 83.
(pdftex.def)             Requested size: 330.1851pt x 248.91861pt.
[4 <./Images/interruption.png>]
Underfull \hbox (badness 10000) in paragraph at lines 86--88

 []

[5 <./Images/systeme_complet.png>]
<./Images/appel_systeme.png, id=32, 439.6425pt x 132.495pt>
File: ./Images/appel_systeme.png Graphic file (type png)
<use ./Images/appel_systeme.png>
Package pdftex.def Info: ./Images/appel_systeme.png  used on input line 131.
(pdftex.def)             Requested size: 329.73106pt x 99.37099pt.

Overfull \hbox (9.7311pt too wide) in paragraph at lines 129--132
[] 
 []

<./Images/utilitaires_unix.png, id=33, 493.0922pt x 338.76563pt>
File: ./Images/utilitaires_unix.png Graphic file (type png)
<use ./Images/utilitaires_unix.png>
Package pdftex.def Info: ./Images/utilitaires_unix.png  used on input line 144.
(pdftex.def)             Requested size: 246.54549pt x 169.38239pt.

Overfull \hbox (0.43446pt too wide) in paragraph at lines 141--146
[] \OT1/cmss/m/n/10 Afin d'en savoir plus sur
 []

[6 <./Images/appel_systeme.png>]
<./Images/flux_std_et_redirections.png, id=38, 500.62032pt x 362.85562pt>
File: ./Images/flux_std_et_redirections.png Graphic file (type png)
<use ./Images/flux_std_et_redirections.png>
Package pdftex.def Info: ./Images/flux_std_et_redirections.png  used on input line 153.
(pdftex.def)             Requested size: 250.30954pt x 181.42737pt.
<./Images/redirection_example.png, id=39, 300.3722pt x 228.855pt>
File: ./Images/redirection_example.png Graphic file (type png)
<use ./Images/redirection_example.png>
Package pdftex.def Info: ./Images/redirection_example.png  used on input line 155.
(pdftex.def)             Requested size: 150.18571pt x 114.42722pt.
 [7 <./Images/utilitaires_unix.png> <./Images/flux_std_et_redirections.png>]
<./Images/bash_script.png, id=46, 185.19188pt x 48.93282pt>
File: ./Images/bash_script.png Graphic file (type png)
<use ./Images/bash_script.png>
Package pdftex.def Info: ./Images/bash_script.png  used on input line 160.
(pdftex.def)             Requested size: 129.6334pt x 34.25272pt.
<./Images/script_variables.png, id=47, 489.32813pt x 286.82156pt>
File: ./Images/script_variables.png Graphic file (type png)
<use ./Images/script_variables.png>
Package pdftex.def Info: ./Images/script_variables.png  used on input line 162.
(pdftex.def)             Requested size: 244.66345pt x 143.41042pt.
<./Images/conditionnelles.png, id=48, 542.77782pt x 347.79938pt>
File: ./Images/conditionnelles.png Graphic file (type png)
<use ./Images/conditionnelles.png>
Package pdftex.def Info: ./Images/conditionnelles.png  used on input line 164.
(pdftex.def)             Requested size: 217.10727pt x 139.11728pt.
<./Images/script_boucle_for.png, id=49, 451.6875pt x 280.79906pt>
File: ./Images/script_boucle_for.png Graphic file (type png)
<use ./Images/script_boucle_for.png>
Package pdftex.def Info: ./Images/script_boucle_for.png  used on input line 166.
(pdftex.def)             Requested size: 271.01459pt x 168.48073pt.

Underfull \hbox (badness 10000) in paragraph at lines 158--168

 []


Underfull \hbox (badness 10000) in paragraph at lines 158--168

 []

[8 <./Images/redirection_example.png> <./Images/bash_script.png> <./Images/script_variables.png>] [9 <./Images/conditionnelles.png> <./Images/script_boucle_for.png>]
<Slides/CM2.pdf, id=62, page=15, 845.1575pt x 597.23125pt>
File: Slides/CM2.pdf Graphic file (type pdf)
<use Slides/CM2.pdf, page 15>
Package pdftex.def Info: Slides/CM2.pdf , page15 used on input line 203.
(pdftex.def)             Requested size: 211.28885pt x 149.30743pt.
 [10]
<Slides/CM2.pdf, id=67, page=16, 845.1575pt x 597.23125pt>
File: Slides/CM2.pdf Graphic file (type pdf)
<use Slides/CM2.pdf, page 16>
Package pdftex.def Info: Slides/CM2.pdf , page16 used on input line 208.
(pdftex.def)             Requested size: 211.28885pt x 149.30743pt.

Underfull \hbox (badness 10000) in paragraph at lines 209--210

 []

[11 <./Slides/CM2.pdf> <./Slides/CM2.pdf

pdfTeX warning: pdflatex (file ./Slides/CM2.pdf): PDF inclusion: multiple pdfs with page group included in a single page
>]
<Slides/CM2.pdf, id=134, page=22, 845.1575pt x 597.23125pt>
File: Slides/CM2.pdf Graphic file (type pdf)
<use Slides/CM2.pdf, page 22>
Package pdftex.def Info: Slides/CM2.pdf , page22 used on input line 242.
(pdftex.def)             Requested size: 211.28885pt x 149.30743pt.
<Slides/CM2.pdf, id=135, page=21, 845.1575pt x 597.23125pt>
File: Slides/CM2.pdf Graphic file (type pdf)
<use Slides/CM2.pdf, page 21>
Package pdftex.def Info: Slides/CM2.pdf , page21 used on input line 244.
(pdftex.def)             Requested size: 211.28885pt x 149.30743pt.
<Slides/CM2.pdf, id=136, page=23, 845.1575pt x 597.23125pt>
File: Slides/CM2.pdf Graphic file (type pdf)
<use Slides/CM2.pdf, page 23>
Package pdftex.def Info: Slides/CM2.pdf , page23 used on input line 246.
(pdftex.def)             Requested size: 211.28885pt x 149.30743pt.
 [12 <./Slides/CM2.pdf> <./Slides/CM2.pdf

pdfTeX warning: pdflatex (file ./Slides/CM2.pdf): PDF inclusion: multiple pdfs with page group included in a single page
>]
<Slides/CM2.pdf, id=209, page=26, 845.1575pt x 597.23125pt>
File: Slides/CM2.pdf Graphic file (type pdf)
<use Slides/CM2.pdf, page 26>
Package pdftex.def Info: Slides/CM2.pdf , page26 used on input line 256.
(pdftex.def)             Requested size: 211.28885pt x 149.30743pt.
 [13 <./Slides/CM2.pdf> <./Slides/CM2.pdf

pdfTeX warning: pdflatex (file ./Slides/CM2.pdf): PDF inclusion: multiple pdfs with page group included in a single page
>]
<Slides/CM2.pdf, id=246, page=50, 845.1575pt x 597.23125pt>
File: Slides/CM2.pdf Graphic file (type pdf)
<use Slides/CM2.pdf, page 50>
Package pdftex.def Info: Slides/CM2.pdf , page50 used on input line 281.
(pdftex.def)             Requested size: 211.28885pt x 149.30743pt.
 [14 <./Slides/CM2.pdf>]
<Slides/CM3.pdf, id=302, page=6, 845.1575pt x 597.23125pt>
File: Slides/CM3.pdf Graphic file (type pdf)
<use Slides/CM3.pdf, page 6>
Package pdftex.def Info: Slides/CM3.pdf , page6 used on input line 311.
(pdftex.def)             Requested size: 211.28885pt x 149.30743pt.
 [15 <./Slides/CM3.pdf>]
Overfull \hbox (5.13919pt too wide) in paragraph at lines 314--317
\OT1/cmss/m/n/10 malloc() et free() ne sont pas mises en oeu-vre dans le noyau du syst^^Reme d'exploitation,
 []


Underfull \hbox (badness 10000) in paragraph at lines 314--317

 []

<Slides/CM3.pdf, id=321, page=48, 845.1575pt x 597.23125pt>
File: Slides/CM3.pdf Graphic file (type pdf)
<use Slides/CM3.pdf, page 48>
Package pdftex.def Info: Slides/CM3.pdf , page48 used on input line 333.
(pdftex.def)             Requested size: 211.28885pt x 149.30743pt.
[16 <./Slides/CM3.pdf>]
<Slides/CM3.pdf, id=362, page=55, 845.1575pt x 597.23125pt>
File: Slides/CM3.pdf Graphic file (type pdf)
<use Slides/CM3.pdf, page 55>
Package pdftex.def Info: Slides/CM3.pdf , page55 used on input line 337.
(pdftex.def)             Requested size: 211.28885pt x 149.30743pt.
 [17 <./Slides/CM3.pdf>] (./synthese.aux)
 ***********
LaTeX2e <2023-11-01> patch level 1
L3 programming layer <2024-01-22>
 ***********
 ) 
Here is how much of TeX's memory you used:
 4127 strings out of 474222
 68408 string characters out of 5748733
 1935975 words of memory out of 5000000
 26320 multiletter control sequences out of 15000+600000
 564381 words of font info for 58 fonts, out of 8000000 for 9000
 1141 hyphenation exceptions out of 8191
 68i,6n,79p,325b,207s stack positions out of 10000i,1000n,20000p,200000b,200000s
</usr/share/texlive/texmf-dist/fonts/type1/public/amsfonts/cm/cmmi10.pfb></usr/share/texlive/texmf-dist/fonts/type1/public/amsfonts/cm/cmr10.pfb></usr/share/texlive/texmf-dist/fonts/type1/public/amsfonts/cm/cmss10.pfb></usr/share/texlive/texmf-dist/fonts/type1/public/amsfonts/cm/cmss12.pfb></usr/share/texlive/texmf-dist/fonts/type1/public/amsfonts/cm/cmss17.pfb></usr/share/texlive/texmf-dist/fonts/type1/public/amsfonts/cm/cmssbx10.pfb></usr/share/texlive/texmf-dist/fonts/type1/public/amsfonts/cm/cmsy10.pfb></usr/share/texmf/fonts/type1/public/cm-super/sfss1000.pfb>
Output written on synthese.pdf (17 pages, 1271025 bytes).
PDF statistics:
 438 PDF objects out of 1000 (max. 8388607)
 249 compressed objects within 3 object streams
 0 named destinations out of 1000 (max. 500000)
 112 words of extra memory for PDF output out of 10000 (max. 10000000)

