This is pdfTeX, Version 3.141592653-2.6-1.40.25 (TeX Live 2023/Debian) (preloaded format=pdflatex 2024.9.5)  19 SEP 2024 12:30
entering extended mode
 restricted \write18 enabled.
 file:line:error style messages enabled.
 %&-line parsing enabled.
**/home/qtbodart/Git/Work/UCLouvain/INFO/LINFO1252/Synthèses/synthese.tex
(/home/qtbodart/Git/Work/UCLouvain/INFO/LINFO1252/Synthèses/synthese.tex
LaTeX2e <2023-11-01> patch level 1
L3 programming layer <2024-01-22>
(/usr/share/texlive/texmf-dist/tex/latex/base/article.cls
Document Class: article 2023/05/17 v1.4n Standard LaTeX document class
(/usr/share/texlive/texmf-dist/tex/latex/base/size10.clo
File: size10.clo 2023/05/17 v1.4n Standard LaTeX file (size option)
)
\c@part=\count187
\c@section=\count188
\c@subsection=\count189
\c@subsubsection=\count190
\c@paragraph=\count191
\c@subparagraph=\count192
\c@figure=\count193
\c@table=\count194
\abovecaptionskip=\skip48
\belowcaptionskip=\skip49
\bibindent=\dimen140
) (/usr/share/texlive/texmf-dist/tex/latex/graphics/graphicx.sty
Package: graphicx 2021/09/16 v1.2d Enhanced LaTeX Graphics (DPC,SPQR)
 (/usr/share/texlive/texmf-dist/tex/latex/graphics/keyval.sty
Package: keyval 2022/05/29 v1.15 key=value parser (DPC)
\KV@toks@=\toks17
) (/usr/share/texlive/texmf-dist/tex/latex/graphics/graphics.sty
Package: graphics 2022/03/10 v1.4e Standard LaTeX Graphics (DPC,SPQR)
 (/usr/share/texlive/texmf-dist/tex/latex/graphics/trig.sty
Package: trig 2021/08/11 v1.11 sin cos tan (DPC)
) (/usr/share/texlive/texmf-dist/tex/latex/graphics-cfg/graphics.cfg
File: graphics.cfg 2016/06/04 v1.11 sample graphics configuration
)
Package graphics Info: Driver file: pdftex.def on input line 107.
 (/usr/share/texlive/texmf-dist/tex/latex/graphics-def/pdftex.def
File: pdftex.def 2022/09/22 v1.2b Graphics/color driver for pdftex
))
\Gin@req@height=\dimen141
\Gin@req@width=\dimen142
) (/usr/share/texlive/texmf-dist/tex/latex/amsmath/amsmath.sty
Package: amsmath 2023/05/13 v2.17o AMS math features
\@mathmargin=\skip50

For additional information on amsmath, use the `?' option.
(/usr/share/texlive/texmf-dist/tex/latex/amsmath/amstext.sty
Package: amstext 2021/08/26 v2.01 AMS text
 (/usr/share/texlive/texmf-dist/tex/latex/amsmath/amsgen.sty
File: amsgen.sty 1999/11/30 v2.0 generic functions
\@emptytoks=\toks18
\ex@=\dimen143
)) (/usr/share/texlive/texmf-dist/tex/latex/amsmath/amsbsy.sty
Package: amsbsy 1999/11/29 v1.2d Bold Symbols
\pmbraise@=\dimen144
) (/usr/share/texlive/texmf-dist/tex/latex/amsmath/amsopn.sty
Package: amsopn 2022/04/08 v2.04 operator names
)
\inf@bad=\count195
LaTeX Info: Redefining \frac on input line 234.
\uproot@=\count196
\leftroot@=\count197
LaTeX Info: Redefining \overline on input line 399.
LaTeX Info: Redefining \colon on input line 410.
\classnum@=\count198
\DOTSCASE@=\count199
LaTeX Info: Redefining \ldots on input line 496.
LaTeX Info: Redefining \dots on input line 499.
LaTeX Info: Redefining \cdots on input line 620.
\Mathstrutbox@=\box51
\strutbox@=\box52
LaTeX Info: Redefining \big on input line 722.
LaTeX Info: Redefining \Big on input line 723.
LaTeX Info: Redefining \bigg on input line 724.
LaTeX Info: Redefining \Bigg on input line 725.
\big@size=\dimen145
LaTeX Font Info:    Redeclaring font encoding OML on input line 743.
LaTeX Font Info:    Redeclaring font encoding OMS on input line 744.
\macc@depth=\count266
LaTeX Info: Redefining \bmod on input line 905.
LaTeX Info: Redefining \pmod on input line 910.
LaTeX Info: Redefining \smash on input line 940.
LaTeX Info: Redefining \relbar on input line 970.
LaTeX Info: Redefining \Relbar on input line 971.
\c@MaxMatrixCols=\count267
\dotsspace@=\muskip16
\c@parentequation=\count268
\dspbrk@lvl=\count269
\tag@help=\toks19
\row@=\count270
\column@=\count271
\maxfields@=\count272
\andhelp@=\toks20
\eqnshift@=\dimen146
\alignsep@=\dimen147
\tagshift@=\dimen148
\tagwidth@=\dimen149
\totwidth@=\dimen150
\lineht@=\dimen151
\@envbody=\toks21
\multlinegap=\skip51
\multlinetaggap=\skip52
\mathdisplay@stack=\toks22
LaTeX Info: Redefining \[ on input line 2953.
LaTeX Info: Redefining \] on input line 2954.
) (/usr/share/texlive/texmf-dist/tex/latex/l3backend/l3backend-pdftex.def
File: l3backend-pdftex.def 2024-01-04 L3 backend support: PDF output (pdfTeX)
\l__color_backend_stack_int=\count273
\l__pdf_internal_box=\box53
) (./synthese.aux)
\openout1 = `synthese.aux'.

LaTeX Font Info:    Checking defaults for OML/cmm/m/it on input line 11.
LaTeX Font Info:    ... okay on input line 11.
LaTeX Font Info:    Checking defaults for OMS/cmsy/m/n on input line 11.
LaTeX Font Info:    ... okay on input line 11.
LaTeX Font Info:    Checking defaults for OT1/cmr/m/n on input line 11.
LaTeX Font Info:    ... okay on input line 11.
LaTeX Font Info:    Checking defaults for T1/cmr/m/n on input line 11.
LaTeX Font Info:    ... okay on input line 11.
LaTeX Font Info:    Checking defaults for TS1/cmr/m/n on input line 11.
LaTeX Font Info:    ... okay on input line 11.
LaTeX Font Info:    Checking defaults for OMX/cmex/m/n on input line 11.
LaTeX Font Info:    ... okay on input line 11.
LaTeX Font Info:    Checking defaults for U/cmr/m/n on input line 11.
LaTeX Font Info:    ... okay on input line 11.
 (/usr/share/texlive/texmf-dist/tex/context/base/mkii/supp-pdf.mkii
[Loading MPS to PDF converter (version 2006.09.02).]
\scratchcounter=\count274
\scratchdimen=\dimen152
\scratchbox=\box54
\nofMPsegments=\count275
\nofMParguments=\count276
\everyMPshowfont=\toks23
\MPscratchCnt=\count277
\MPscratchDim=\dimen153
\MPnumerator=\count278
\makeMPintoPDFobject=\count279
\everyMPtoPDFconversion=\toks24
) (/usr/share/texlive/texmf-dist/tex/latex/epstopdf-pkg/epstopdf-base.sty
Package: epstopdf-base 2020-01-24 v2.11 Base part for package epstopdf
 (/usr/share/texlive/texmf-dist/tex/generic/infwarerr/infwarerr.sty
Package: infwarerr 2019/12/03 v1.5 Providing info/warning/error messages (HO)
) (/usr/share/texlive/texmf-dist/tex/latex/grfext/grfext.sty
Package: grfext 2019/12/03 v1.3 Manage graphics extensions (HO)
 (/usr/share/texlive/texmf-dist/tex/generic/kvdefinekeys/kvdefinekeys.sty
Package: kvdefinekeys 2019-12-19 v1.6 Define keys (HO)
)) (/usr/share/texlive/texmf-dist/tex/latex/kvoptions/kvoptions.sty
Package: kvoptions 2022-06-15 v3.15 Key value format for package options (HO)
 (/usr/share/texlive/texmf-dist/tex/generic/ltxcmds/ltxcmds.sty
Package: ltxcmds 2023-12-04 v1.26 LaTeX kernel commands for general use (HO)
) (/usr/share/texlive/texmf-dist/tex/latex/kvsetkeys/kvsetkeys.sty
Package: kvsetkeys 2022-10-05 v1.19 Key value parser (HO)
)) (/usr/share/texlive/texmf-dist/tex/generic/pdftexcmds/pdftexcmds.sty
Package: pdftexcmds 2020-06-27 v0.33 Utility functions of pdfTeX for LuaTeX (HO)
 (/usr/share/texlive/texmf-dist/tex/generic/iftex/iftex.sty
Package: iftex 2022/02/03 v1.0f TeX engine tests
)
Package pdftexcmds Info: \pdf@primitive is available.
Package pdftexcmds Info: \pdf@ifprimitive is available.
Package pdftexcmds Info: \pdfdraftmode found.
)
Package epstopdf-base Info: Redefining graphics rule for `.eps' on input line 485.
Package grfext Info: Graphics extension search list:
(grfext)             [.pdf,.png,.jpg,.mps,.jpeg,.jbig2,.jb2,.PDF,.PNG,.JPG,.JPEG,.JBIG2,.JB2,.eps]
(grfext)             \AppendGraphicsExtensions on input line 504.
 (/usr/share/texlive/texmf-dist/tex/latex/latexconfig/epstopdf-sys.cfg
File: epstopdf-sys.cfg 2010/07/13 v1.3 Configuration of (r)epstopdf for TeX Live
)) (./synthese.toc)
\tf@toc=\write3
\openout3 = `synthese.toc'.

 [1

{/var/lib/texmf/fonts/map/pdftex/updmap/pdftex.map}]
LaTeX Font Info:    Trying to load font information for TS1+cmss on input line 18.
 (/usr/share/texlive/texmf-dist/tex/latex/base/ts1cmss.fd
File: ts1cmss.fd 2023/04/13 v2.5m Standard LaTeX font definitions
)
<./Images/von_neumann.png, id=10, 357.58594pt x 213.04594pt>
File: ./Images/von_neumann.png Graphic file (type png)
<use ./Images/von_neumann.png>
Package pdftex.def Info: ./Images/von_neumann.png  used on input line 47.
(pdftex.def)             Requested size: 178.79253pt x 106.5227pt.
 [2 <./Images/von_neumann.png>]
<./Images/interruption.png, id=17, 496.10344pt x 275.52937pt>
File: ./Images/interruption.png Graphic file (type png)
<use ./Images/interruption.png>
Package pdftex.def Info: ./Images/interruption.png  used on input line 68.
(pdftex.def)             Requested size: 372.07666pt x 206.64651pt.

Overfull \hbox (27.07666pt too wide) in paragraph at lines 64--69
[] 
 []

<./Images/systeme_complet.png, id=18, 388.45125pt x 292.84406pt>
File: ./Images/systeme_complet.png Graphic file (type png)
<use ./Images/systeme_complet.png>
Package pdftex.def Info: ./Images/systeme_complet.png  used on input line 75.
(pdftex.def)             Requested size: 330.1851pt x 248.91861pt.
[3 <./Images/interruption.png>]
Underfull \hbox (badness 10000) in paragraph at lines 78--80

 []

[4 <./Images/systeme_complet.png>]
<./Images/appel_systeme.png, id=29, 439.6425pt x 132.495pt>
File: ./Images/appel_systeme.png Graphic file (type png)
<use ./Images/appel_systeme.png>
Package pdftex.def Info: ./Images/appel_systeme.png  used on input line 123.
(pdftex.def)             Requested size: 329.73106pt x 99.37099pt.

Overfull \hbox (9.7311pt too wide) in paragraph at lines 121--124
[] 
 []

<./Images/utilitaires_unix.png, id=30, 493.0922pt x 338.76563pt>
File: ./Images/utilitaires_unix.png Graphic file (type png)
<use ./Images/utilitaires_unix.png>
Package pdftex.def Info: ./Images/utilitaires_unix.png  used on input line 136.
(pdftex.def)             Requested size: 246.54549pt x 169.38239pt.

Overfull \hbox (0.43446pt too wide) in paragraph at lines 133--138
[] \OT1/cmss/m/n/10 Afin d'en savoir plus sur
 []

[5 <./Images/appel_systeme.png>]
<./Images/flux_std_et_redirections.png, id=35, 500.62032pt x 362.85562pt>
File: ./Images/flux_std_et_redirections.png Graphic file (type png)
<use ./Images/flux_std_et_redirections.png>
Package pdftex.def Info: ./Images/flux_std_et_redirections.png  used on input line 145.
(pdftex.def)             Requested size: 250.30954pt x 181.42737pt.
<./Images/redirection_example.png, id=36, 300.3722pt x 228.855pt>
File: ./Images/redirection_example.png Graphic file (type png)
<use ./Images/redirection_example.png>
Package pdftex.def Info: ./Images/redirection_example.png  used on input line 147.
(pdftex.def)             Requested size: 150.18571pt x 114.42722pt.
 [6 <./Images/utilitaires_unix.png> <./Images/flux_std_et_redirections.png>]
<./Images/bash_script.png, id=42, 185.19188pt x 48.93282pt>
File: ./Images/bash_script.png Graphic file (type png)
<use ./Images/bash_script.png>
Package pdftex.def Info: ./Images/bash_script.png  used on input line 152.
(pdftex.def)             Requested size: 129.6334pt x 34.25272pt.
<./Images/script_variables.png, id=43, 489.32813pt x 286.82156pt>
File: ./Images/script_variables.png Graphic file (type png)
<use ./Images/script_variables.png>
Package pdftex.def Info: ./Images/script_variables.png  used on input line 154.
(pdftex.def)             Requested size: 244.66345pt x 143.41042pt.
<./Images/conditionnelles.png, id=44, 542.77782pt x 347.79938pt>
File: ./Images/conditionnelles.png Graphic file (type png)
<use ./Images/conditionnelles.png>
Package pdftex.def Info: ./Images/conditionnelles.png  used on input line 156.
(pdftex.def)             Requested size: 271.38824pt x 173.89926pt.
<./Images/script_boucle_for.png, id=45, 451.6875pt x 280.79906pt>
File: ./Images/script_boucle_for.png Graphic file (type png)
<use ./Images/script_boucle_for.png>
Package pdftex.def Info: ./Images/script_boucle_for.png  used on input line 158.
(pdftex.def)             Requested size: 271.01459pt x 168.48073pt.

Underfull \hbox (badness 10000) in paragraph at lines 150--159

 []


Underfull \hbox (badness 10000) in paragraph at lines 150--159

 []

[7 <./Images/redirection_example.png> <./Images/bash_script.png> <./Images/script_variables.png>] [8 <./Images/conditionnelles.png> <./Images/script_boucle_for.png>] (./synthese.aux)
 ***********
LaTeX2e <2023-11-01> patch level 1
L3 programming layer <2024-01-22>
 ***********
 ) 
Here is how much of TeX's memory you used:
 2714 strings out of 476139
 45167 string characters out of 5794455
 1929975 words of memory out of 5000000
 24700 multiletter control sequences out of 15000+600000
 564381 words of font info for 58 fonts, out of 8000000 for 9000
 36 hyphenation exceptions out of 8191
 61i,6n,69p,305b,199s stack positions out of 10000i,1000n,20000p,200000b,200000s
 </home/qtbodart/.texlive2023/texmf-var/fonts/pk/ljfour/jknappen/ec/tcss1000.600pk></usr/share/texlive/texmf-dist/fonts/type1/public/amsfonts/cm/cmr10.pfb></usr/share/texlive/texmf-dist/fonts/type1/public/amsfonts/cm/cmss10.pfb></usr/share/texlive/texmf-dist/fonts/type1/public/amsfonts/cm/cmss12.pfb></usr/share/texlive/texmf-dist/fonts/type1/public/amsfonts/cm/cmss17.pfb></usr/share/texlive/texmf-dist/fonts/type1/public/amsfonts/cm/cmssbx10.pfb>
Output written on synthese.pdf (8 pages, 490289 bytes).
PDF statistics:
 86 PDF objects out of 1000 (max. 8388607)
 41 compressed objects within 1 object stream
 0 named destinations out of 1000 (max. 500000)
 62 words of extra memory for PDF output out of 10000 (max. 10000000)

