This is pdfTeX, Version 3.141592653-2.6-1.40.26 (TeX Live 2024/Arch Linux) (preloaded format=pdflatex 2024.10.6)  10 OCT 2024 10:33
entering extended mode
 restricted \write18 enabled.
 file:line:error style messages enabled.
 %&-line parsing enabled.
**"/home/qbodart/Git/Work/UCLouvain/FYKI/LMAPR1230 - Chimie Organique/Syntheses/Notes/Synthese.tex"
(/home/qbodart/Git/Work/UCLouvain/FYKI/LMAPR1230 - Chimie Organique/Syntheses/Notes/Synthese.tex
LaTeX2e <2023-11-01> patch level 1
L3 programming layer <2024-02-20>
(/usr/share/texmf-dist/tex/latex/base/article.cls
Document Class: article 2023/05/17 v1.4n Standard LaTeX document class
(/usr/share/texmf-dist/tex/latex/base/size10.clo
File: size10.clo 2023/05/17 v1.4n Standard LaTeX file (size option)
)
\c@part=\count188
\c@section=\count189
\c@subsection=\count190
\c@subsubsection=\count191
\c@paragraph=\count192
\c@subparagraph=\count193
\c@figure=\count194
\c@table=\count195
\abovecaptionskip=\skip48
\belowcaptionskip=\skip49
\bibindent=\dimen140
) (/usr/share/texmf-dist/tex/latex/graphics/graphicx.sty
Package: graphicx 2021/09/16 v1.2d Enhanced LaTeX Graphics (DPC,SPQR)
 (/usr/share/texmf-dist/tex/latex/graphics/keyval.sty
Package: keyval 2022/05/29 v1.15 key=value parser (DPC)
\KV@toks@=\toks17
) (/usr/share/texmf-dist/tex/latex/graphics/graphics.sty
Package: graphics 2022/03/10 v1.4e Standard LaTeX Graphics (DPC,SPQR)
 (/usr/share/texmf-dist/tex/latex/graphics/trig.sty
Package: trig 2021/08/11 v1.11 sin cos tan (DPC)
) (/usr/share/texmf-dist/tex/latex/graphics-cfg/graphics.cfg
File: graphics.cfg 2016/06/04 v1.11 sample graphics configuration
)
Package graphics Info: Driver file: pdftex.def on input line 107.
 (/usr/share/texmf-dist/tex/latex/graphics-def/pdftex.def
File: pdftex.def 2022/09/22 v1.2b Graphics/color driver for pdftex
))
\Gin@req@height=\dimen141
\Gin@req@width=\dimen142
) (/usr/share/texmf-dist/tex/latex/pdfpages/pdfpages.sty
Package: pdfpages 2024/01/21 v0.5y Insert pages of external PDF documents (AM)
 (/usr/share/texmf-dist/tex/latex/base/ifthen.sty
Package: ifthen 2022/04/13 v1.1d Standard LaTeX ifthen package (DPC)
) (/usr/share/texmf-dist/tex/latex/tools/calc.sty
Package: calc 2023/07/08 v4.3 Infix arithmetic (KKT,FJ)
\calc@Acount=\count196
\calc@Bcount=\count197
\calc@Adimen=\dimen143
\calc@Bdimen=\dimen144
\calc@Askip=\skip50
\calc@Bskip=\skip51
LaTeX Info: Redefining \setlength on input line 80.
LaTeX Info: Redefining \addtolength on input line 81.
\calc@Ccount=\count198
\calc@Cskip=\skip52
) (/usr/share/texmf-dist/tex/latex/eso-pic/eso-pic.sty
Package: eso-pic 2023/05/03 v3.0c eso-pic (RN)
\ESO@tempdima=\dimen145
\ESO@tempdimb=\dimen146
 (/usr/share/texmf-dist/tex/latex/xcolor/xcolor.sty
Package: xcolor 2023/11/15 v3.01 LaTeX color extensions (UK)
 (/usr/share/texmf-dist/tex/latex/graphics-cfg/color.cfg
File: color.cfg 2016/01/02 v1.6 sample color configuration
)
Package xcolor Info: Driver file: pdftex.def on input line 274.
 (/usr/share/texmf-dist/tex/latex/graphics/mathcolor.ltx)
Package xcolor Info: Model `cmy' substituted by `cmy0' on input line 1350.
Package xcolor Info: Model `hsb' substituted by `rgb' on input line 1354.
Package xcolor Info: Model `RGB' extended on input line 1366.
Package xcolor Info: Model `HTML' substituted by `rgb' on input line 1368.
Package xcolor Info: Model `Hsb' substituted by `hsb' on input line 1369.
Package xcolor Info: Model `tHsb' substituted by `hsb' on input line 1370.
Package xcolor Info: Model `HSB' substituted by `hsb' on input line 1371.
Package xcolor Info: Model `Gray' substituted by `gray' on input line 1372.
Package xcolor Info: Model `wave' substituted by `hsb' on input line 1373.
))
\AM@pagewidth=\dimen147
\AM@pageheight=\dimen148
\AM@fboxrule=\dimen149
 (/usr/share/texmf-dist/tex/latex/pdfpages/pppdftex.def
File: pppdftex.def 2024/01/21 v0.5y Pdfpages driver for pdfTeX (AM)
)
\pdfpages@includegraphics@status=\count199
\AM@pagebox=\box51
\AM@global@opts=\toks18
\AM@pagecnt=\count266
\AM@toc@title=\toks19
\AM@lof@heading=\toks20
\c@AM@survey=\count267
\AM@templatesizebox=\box52
) (/usr/share/texmf-dist/tex/latex/amsmath/amsmath.sty
Package: amsmath 2023/05/13 v2.17o AMS math features
\@mathmargin=\skip53

For additional information on amsmath, use the `?' option.
(/usr/share/texmf-dist/tex/latex/amsmath/amstext.sty
Package: amstext 2021/08/26 v2.01 AMS text
 (/usr/share/texmf-dist/tex/latex/amsmath/amsgen.sty
File: amsgen.sty 1999/11/30 v2.0 generic functions
\@emptytoks=\toks21
\ex@=\dimen150
)) (/usr/share/texmf-dist/tex/latex/amsmath/amsbsy.sty
Package: amsbsy 1999/11/29 v1.2d Bold Symbols
\pmbraise@=\dimen151
) (/usr/share/texmf-dist/tex/latex/amsmath/amsopn.sty
Package: amsopn 2022/04/08 v2.04 operator names
)
\inf@bad=\count268
LaTeX Info: Redefining \frac on input line 234.
\uproot@=\count269
\leftroot@=\count270
LaTeX Info: Redefining \overline on input line 399.
LaTeX Info: Redefining \colon on input line 410.
\classnum@=\count271
\DOTSCASE@=\count272
LaTeX Info: Redefining \ldots on input line 496.
LaTeX Info: Redefining \dots on input line 499.
LaTeX Info: Redefining \cdots on input line 620.
\Mathstrutbox@=\box53
\strutbox@=\box54
LaTeX Info: Redefining \big on input line 722.
LaTeX Info: Redefining \Big on input line 723.
LaTeX Info: Redefining \bigg on input line 724.
LaTeX Info: Redefining \Bigg on input line 725.
\big@size=\dimen152
LaTeX Font Info:    Redeclaring font encoding OML on input line 743.
LaTeX Font Info:    Redeclaring font encoding OMS on input line 744.
\macc@depth=\count273
LaTeX Info: Redefining \bmod on input line 905.
LaTeX Info: Redefining \pmod on input line 910.
LaTeX Info: Redefining \smash on input line 940.
LaTeX Info: Redefining \relbar on input line 970.
LaTeX Info: Redefining \Relbar on input line 971.
\c@MaxMatrixCols=\count274
\dotsspace@=\muskip16
\c@parentequation=\count275
\dspbrk@lvl=\count276
\tag@help=\toks22
\row@=\count277
\column@=\count278
\maxfields@=\count279
\andhelp@=\toks23
\eqnshift@=\dimen153
\alignsep@=\dimen154
\tagshift@=\dimen155
\tagwidth@=\dimen156
\totwidth@=\dimen157
\lineht@=\dimen158
\@envbody=\toks24
\multlinegap=\skip54
\multlinetaggap=\skip55
\mathdisplay@stack=\toks25
LaTeX Info: Redefining \[ on input line 2953.
LaTeX Info: Redefining \] on input line 2954.
) (/usr/share/texmf-dist/tex/latex/mhchem/mhchem.sty
Package: mhchem 2024/01/29 v4.10 for typesetting chemical formulae
 (/usr/share/texmf-dist/tex/latex/l3kernel/expl3.sty
Package: expl3 2024-02-20 L3 programming layer (loader) 
 (/usr/share/texmf-dist/tex/latex/l3backend/l3backend-pdftex.def
File: l3backend-pdftex.def 2024-02-20 L3 backend support: PDF output (pdfTeX)
\l__color_backend_stack_int=\count280
\l__pdf_internal_box=\box55
)) (/usr/share/texmf-dist/tex/latex/l3packages/l3keys2e/l3keys2e.sty
Package: l3keys2e 2024-02-18 LaTeX2e option processing using LaTeX3 keys
) (/usr/share/texmf-dist/tex/latex/chemgreek/chemgreek.sty (/usr/share/texmf-dist/tex/latex/l3packages/xparse/xparse.sty
Package: xparse 2024-02-18 L3 Experimental document command parser
)
Package: chemgreek 2020/01/16 v1.1a interface for upright Greek letters for use in chemistry (CN)
\l__chemgreek_tmpa_int=\count281
\g__chemgreek_tmpa_int=\count282
)
\l__mhchem_ce_distanceFromLastComma_int=\count283
\__mhchem_arrow_extPgfLength_skip=\skip56
\mhchem@minispace@tmp=\skip57
\mhchem@minibackspace@tmp=\skip58
\mhchem@bondwidth=\skip59
\mhchem@bondheight=\skip60
\mhchem@smallbondwidth@tmpA=\skip61
\mhchem@smallbondwidth@tmpB=\skip62
\mhchem@smallbondwidth=\skip63
\mhchem@bondtmp@minussidebearingleft=\skip64
\mhchem@bondtmp@minussidebearingright=\skip65
\l__mhchem_option_version_int=\count284
\mhchem@option@minusmathsidebearingleft=\dimen159
\mhchem@option@minusmathsidebearingright=\dimen160
\mhchem@option@minustextsidebearingleft=\dimen161
\mhchem@option@minustextsidebearingright=\dimen162


Package mhchem Warning: You did not specify a 'version' option for the mhchem
(mhchem)                package. Please write \usepackage[version=4]{mhchem}
(mhchem)                in your preamble (or any lower number for
(mhchem)                compatibility mode), because you might get slightly
(mhchem)                different output with the same input in future versions.

) (./Synthese.aux)
\openout1 = `Synthese.aux'.

LaTeX Font Info:    Checking defaults for OML/cmm/m/it on input line 20.
LaTeX Font Info:    ... okay on input line 20.
LaTeX Font Info:    Checking defaults for OMS/cmsy/m/n on input line 20.
LaTeX Font Info:    ... okay on input line 20.
LaTeX Font Info:    Checking defaults for OT1/cmr/m/n on input line 20.
LaTeX Font Info:    ... okay on input line 20.
LaTeX Font Info:    Checking defaults for T1/cmr/m/n on input line 20.
LaTeX Font Info:    ... okay on input line 20.
LaTeX Font Info:    Checking defaults for TS1/cmr/m/n on input line 20.
LaTeX Font Info:    ... okay on input line 20.
LaTeX Font Info:    Checking defaults for OMX/cmex/m/n on input line 20.
LaTeX Font Info:    ... okay on input line 20.
LaTeX Font Info:    Checking defaults for U/cmr/m/n on input line 20.
LaTeX Font Info:    ... okay on input line 20.
 (/usr/share/texmf-dist/tex/context/base/mkii/supp-pdf.mkii
[Loading MPS to PDF converter (version 2006.09.02).]
\scratchcounter=\count285
\scratchdimen=\dimen163
\scratchbox=\box56
\nofMPsegments=\count286
\nofMParguments=\count287
\everyMPshowfont=\toks26
\MPscratchCnt=\count288
\MPscratchDim=\dimen164
\MPnumerator=\count289
\makeMPintoPDFobject=\count290
\everyMPtoPDFconversion=\toks27
) (/usr/share/texmf-dist/tex/latex/epstopdf-pkg/epstopdf-base.sty
Package: epstopdf-base 2020-01-24 v2.11 Base part for package epstopdf
Package epstopdf-base Info: Redefining graphics rule for `.eps' on input line 485.
 (/usr/share/texmf-dist/tex/latex/latexconfig/epstopdf-sys.cfg
File: epstopdf-sys.cfg 2010/07/13 v1.3 Configuration of (r)epstopdf for TeX Live
)) (/usr/share/texmf-dist/tex/latex/pdflscape/pdflscape.sty
Package: pdflscape 2022-10-27 v0.13 Display of landscape pages in PDF
 (/usr/share/texmf-dist/tex/latex/pdflscape/pdflscape-nometadata.sty
Package: pdflscape-nometadata 2022-10-28 v0.13 Display of landscape pages in PDF (HO)
 (/usr/share/texmf-dist/tex/generic/iftex/iftex.sty
Package: iftex 2022/02/03 v1.0f TeX engine tests
) (/usr/share/texmf-dist/tex/latex/graphics/lscape.sty
Package: lscape 2020/05/28 v3.02 Landscape Pages (DPC)
)
Package pdflscape Info: Auto-detected driver: pdftex on input line 81.
))

Package chemgreek Info: Activating mapping `default' on line 20.

 (./Synthese.toc [1

{/var/lib/texmf/fonts/map/pdftex/updmap/pdftex.map}])
\tf@toc=\write3
\openout3 = `Synthese.toc'.

 [2]
LaTeX Font Info:    Trying to load font information for TS1+cmss on input line 27.
 (/usr/share/texmf-dist/tex/latex/base/ts1cmss.fd
File: ts1cmss.fd 2023/04/13 v2.5m Standard LaTeX font definitions
)
Underfull \hbox (badness 10000) in paragraph at lines 39--46

 []

<./Images/hybridation_carbone.png, id=13, 606.76688pt x 414.04688pt>
File: ./Images/hybridation_carbone.png Graphic file (type png)
<use ./Images/hybridation_carbone.png>
Package pdftex.def Info: ./Images/hybridation_carbone.png  used on input line 65.
(pdftex.def)             Requested size: 303.38269pt x 207.02292pt.
<./Images/liaison_double_c_c.png, id=15, 535.2497pt x 320.69812pt>
File: ./Images/liaison_double_c_c.png Graphic file (type png)
<use ./Images/liaison_double_c_c.png>
Package pdftex.def Info: ./Images/liaison_double_c_c.png  used on input line 71.
(pdftex.def)             Requested size: 267.62419pt x 160.34866pt.
<./Images/liaison_triple_c_c.png, id=16, 458.46281pt x 344.03531pt>
File: ./Images/liaison_triple_c_c.png Graphic file (type png)
<use ./Images/liaison_triple_c_c.png>
Package pdftex.def Info: ./Images/liaison_triple_c_c.png  used on input line 74.
(pdftex.def)             Requested size: 229.23083pt x 172.01723pt.

Underfull \hbox (badness 10000) in paragraph at lines 62--75

 []


Underfull \hbox (badness 10000) in paragraph at lines 62--75

 []

[3{/usr/share/texmf-dist/fonts/enc/dvips/cm-super/cm-super-ts1.enc}] [4 <./Images/hybridation_carbone.png> <./Images/liaison_double_c_c.png>]
<./Images/VSEPR.png, id=29, 490.83376pt x 322.95656pt>
File: ./Images/VSEPR.png Graphic file (type png)
<use ./Images/VSEPR.png>
Package pdftex.def Info: ./Images/VSEPR.png  used on input line 85.
(pdftex.def)             Requested size: 343.58128pt x 226.06804pt.

Underfull \hbox (badness 10000) in paragraph at lines 79--86

 []

[5 <./Images/liaison_triple_c_c.png> <./Images/VSEPR.png>]
<./Images/structures_planes.png, id=35, 496.10344pt x 85.82062pt>
File: ./Images/structures_planes.png Graphic file (type png)
<use ./Images/structures_planes.png>
Package pdftex.def Info: ./Images/structures_planes.png  used on input line 97.
(pdftex.def)             Requested size: 297.66435pt x 51.49275pt.
<./Images/formule_topologique.png, id=36, 370.38374pt x 59.47218pt>
File: ./Images/formule_topologique.png Graphic file (type png)
<use ./Images/formule_topologique.png>
Package pdftex.def Info: ./Images/formule_topologique.png  used on input line 100.
(pdftex.def)             Requested size: 296.30739pt x 47.5778pt.
<./Images/charge_formelle.png, id=37, 384.6872pt x 166.37157pt>
File: ./Images/charge_formelle.png Graphic file (type png)
<use ./Images/charge_formelle.png>
Package pdftex.def Info: ./Images/charge_formelle.png  used on input line 106.
(pdftex.def)             Requested size: 307.75017pt x 133.09741pt.
<./Images/nomenclature_alcanes.png, id=38, 347.79938pt x 250.68657pt>
File: ./Images/nomenclature_alcanes.png Graphic file (type png)
<use ./Images/nomenclature_alcanes.png>
Package pdftex.def Info: ./Images/nomenclature_alcanes.png  used on input line 111.
(pdftex.def)             Requested size: 347.79852pt x 250.68594pt.

Overfull \hbox (2.79852pt too wide) in paragraph at lines 110--112
[] 
 []

[6 <./Images/structures_planes.png> <./Images/formule_topologique.png> <./Images/charge_formelle.png>]
Underfull \hbox (badness 10000) in paragraph at lines 114--116

 []

<./Images/groupes_alkyles.png, id=45, 476.53032pt x 218.31563pt>
File: ./Images/groupes_alkyles.png Graphic file (type png)
<use ./Images/groupes_alkyles.png>
Package pdftex.def Info: ./Images/groupes_alkyles.png  used on input line 130.
(pdftex.def)             Requested size: 190.60875pt x 87.32469pt.
<./Images/groupes_alkyles_particuliers.png, id=46, 457.71pt x 206.27063pt>
File: ./Images/groupes_alkyles_particuliers.png Graphic file (type png)
<use ./Images/groupes_alkyles_particuliers.png>
Package pdftex.def Info: ./Images/groupes_alkyles_particuliers.png  used on input line 131.
(pdftex.def)             Requested size: 183.08075pt x 82.50677pt.

Overfull \hbox (30.91171pt too wide) in paragraph at lines 129--132
[] [] 
 []

[7 <./Images/nomenclature_alcanes.png>]
<./Images/alcanes_cycliques.png, id=52, 447.17062pt x 234.1247pt>
File: ./Images/alcanes_cycliques.png Graphic file (type png)
<use ./Images/alcanes_cycliques.png>
Package pdftex.def Info: ./Images/alcanes_cycliques.png  used on input line 134.
(pdftex.def)             Requested size: 313.01729pt x 163.88615pt.
 [8 <./Images/groupes_alkyles.png> <./Images/groupes_alkyles_particuliers.png> <./Images/alcanes_cycliques.png>]
<./Images/cetone.png, id=59, 122.70844pt x 105.39375pt>
File: ./Images/cetone.png Graphic file (type png)
<use ./Images/cetone.png>
Package pdftex.def Info: ./Images/cetone.png  used on input line 143.
(pdftex.def)             Requested size: 61.35406pt x 52.69673pt.
<./Images/aldehyde.png, id=60, 121.20282pt x 108.405pt>
File: ./Images/aldehyde.png Graphic file (type png)
<use ./Images/aldehyde.png>
Package pdftex.def Info: ./Images/aldehyde.png  used on input line 144.
(pdftex.def)             Requested size: 60.60126pt x 54.20236pt.
<./Images/acide_carboxylique.png, id=61, 152.82094pt x 112.92188pt>
File: ./Images/acide_carboxylique.png Graphic file (type png)
<use ./Images/acide_carboxylique.png>
Package pdftex.def Info: ./Images/acide_carboxylique.png  used on input line 145.
(pdftex.def)             Requested size: 76.41026pt x 56.46078pt.
<./Images/ester.png, id=62, 156.585pt x 109.91063pt>
File: ./Images/ester.png Graphic file (type png)
<use ./Images/ester.png>
Package pdftex.def Info: ./Images/ester.png  used on input line 146.
(pdftex.def)             Requested size: 78.2923pt x 54.95517pt.

Underfull \hbox (badness 10000) in paragraph at lines 147--149

 []

[9 <./Images/cetone.png> <./Images/aldehyde.png> <./Images/acide_carboxylique.png> <./Images/ester.png>]
<Slides/CM2.pdf, id=71, page=3, 845.1575pt x 597.23125pt>
File: Slides/CM2.pdf Graphic file (type pdf)
<use Slides/CM2.pdf, page 3>
Package pdftex.def Info: Slides/CM2.pdf , page3 used on input line 163.
(pdftex.def)             Requested size: 211.28885pt x 149.30743pt.
<Slides/CM2.pdf, id=72, page=4, 845.1575pt x 597.23125pt>
File: Slides/CM2.pdf Graphic file (type pdf)
<use Slides/CM2.pdf, page 4>
Package pdftex.def Info: Slides/CM2.pdf , page4 used on input line 165.
(pdftex.def)             Requested size: 211.28885pt x 149.30743pt.
 [10 <./Slides/CM2.pdf> <./Slides/CM2.pdf

pdfTeX warning: pdflatex (file ./Slides/CM2.pdf): PDF inclusion: multiple pdfs with page group included in a single page
>]
<Slides/CM2.pdf, id=162, page=5, 845.1575pt x 597.23125pt>
File: Slides/CM2.pdf Graphic file (type pdf)
<use Slides/CM2.pdf, page 5>
Package pdftex.def Info: Slides/CM2.pdf , page5 used on input line 168.
(pdftex.def)             Requested size: 211.28885pt x 149.30743pt.

Underfull \hbox (badness 10000) in paragraph at lines 171--180

 []


Underfull \hbox (badness 10000) in paragraph at lines 171--180

 []

<Slides/CM2.pdf, id=163, page=7, 845.1575pt x 597.23125pt>
File: Slides/CM2.pdf Graphic file (type pdf)
<use Slides/CM2.pdf, page 7>
Package pdftex.def Info: Slides/CM2.pdf , page7 used on input line 180.
(pdftex.def)             Requested size: 211.28885pt x 149.30743pt.
[11 <./Slides/CM2.pdf> <./Slides/CM2.pdf

pdfTeX warning: pdflatex (file ./Slides/CM2.pdf): PDF inclusion: multiple pdfs with page group included in a single page
>]
Underfull \hbox (badness 10000) in paragraph at lines 183--188

 []


Underfull \hbox (badness 10000) in paragraph at lines 183--188

 []

<Slides/CM2.pdf, id=238, page=10, 845.1575pt x 597.23125pt>
File: Slides/CM2.pdf Graphic file (type pdf)
<use Slides/CM2.pdf, page 10>
Package pdftex.def Info: Slides/CM2.pdf , page10 used on input line 188.
(pdftex.def)             Requested size: 211.28885pt x 149.30743pt.
<Slides/CM2.pdf, id=239, page=16, 845.1575pt x 597.23125pt>
File: Slides/CM2.pdf Graphic file (type pdf)
<use Slides/CM2.pdf, page 16>
Package pdftex.def Info: Slides/CM2.pdf , page16 used on input line 197.
(pdftex.def)             Requested size: 211.28885pt x 149.30743pt.
[12 <./Slides/CM2.pdf> <./Slides/CM2.pdf

pdfTeX warning: pdflatex (file ./Slides/CM2.pdf): PDF inclusion: multiple pdfs with page group included in a single page
>]
<Slides/CM2.pdf, id=293, page=13, 845.1575pt x 597.23125pt>
File: Slides/CM2.pdf Graphic file (type pdf)
<use Slides/CM2.pdf, page 13>
Package pdftex.def Info: Slides/CM2.pdf , page13 used on input line 202.
(pdftex.def)             Requested size: 211.28885pt x 149.30743pt.
 [13 <./Slides/CM2.pdf>]
<Slides/CM2.pdf, id=317, page=22, 845.1575pt x 597.23125pt>
File: Slides/CM2.pdf Graphic file (type pdf)
<use Slides/CM2.pdf, page 22>
Package pdftex.def Info: Slides/CM2.pdf , page22 used on input line 223.
(pdftex.def)             Requested size: 211.28885pt x 149.30743pt.
<Slides/CM2.pdf, id=318, page=24, 845.1575pt x 597.23125pt>
File: Slides/CM2.pdf Graphic file (type pdf)
<use Slides/CM2.pdf, page 24>
Package pdftex.def Info: Slides/CM2.pdf , page24 used on input line 228.
(pdftex.def)             Requested size: 211.28885pt x 149.30743pt.
 [14 <./Slides/CM2.pdf> <./Slides/CM2.pdf

pdfTeX warning: pdflatex (file ./Slides/CM2.pdf): PDF inclusion: multiple pdfs with page group included in a single page
>]
<Slides/CM2.pdf, id=397, page=25, 845.1575pt x 597.23125pt>
File: Slides/CM2.pdf Graphic file (type pdf)
<use Slides/CM2.pdf, page 25>
Package pdftex.def Info: Slides/CM2.pdf , page25 used on input line 232.
(pdftex.def)             Requested size: 211.28885pt x 149.30743pt.
<Slides/CM2.pdf, id=398, page=27, 845.1575pt x 597.23125pt>
File: Slides/CM2.pdf Graphic file (type pdf)
<use Slides/CM2.pdf, page 27>
Package pdftex.def Info: Slides/CM2.pdf , page27 used on input line 248.
(pdftex.def)             Requested size: 211.28885pt x 149.30743pt.
<Slides/CM2.pdf, id=399, page=28, 845.1575pt x 597.23125pt>
File: Slides/CM2.pdf Graphic file (type pdf)
<use Slides/CM2.pdf, page 28>
Package pdftex.def Info: Slides/CM2.pdf , page28 used on input line 249.
(pdftex.def)             Requested size: 211.28885pt x 149.30743pt.
 [15 <./Slides/CM2.pdf> <./Slides/CM2.pdf

pdfTeX warning: pdflatex (file ./Slides/CM2.pdf): PDF inclusion: multiple pdfs with page group included in a single page
>]
<Slides/CM2.pdf, id=568, page=35, 845.1575pt x 597.23125pt>
File: Slides/CM2.pdf Graphic file (type pdf)
<use Slides/CM2.pdf, page 35>
Package pdftex.def Info: Slides/CM2.pdf , page35 used on input line 253.
(pdftex.def)             Requested size: 211.28885pt x 149.30743pt.
 [16 <./Slides/CM2.pdf> <./Slides/CM2.pdf

pdfTeX warning: pdflatex (file ./Slides/CM2.pdf): PDF inclusion: multiple pdfs with page group included in a single page
>]
<Slides/CM2.pdf, id=639, page=38, 845.1575pt x 597.23125pt>
File: Slides/CM2.pdf Graphic file (type pdf)
<use Slides/CM2.pdf, page 38>
Package pdftex.def Info: Slides/CM2.pdf , page38 used on input line 269.
(pdftex.def)             Requested size: 211.28885pt x 149.30743pt.

Underfull \hbox (badness 10000) in paragraph at lines 270--274

 []

<Slides/CM2.pdf, id=640, page=41, 845.1575pt x 597.23125pt>
File: Slides/CM2.pdf Graphic file (type pdf)
<use Slides/CM2.pdf, page 41>
Package pdftex.def Info: Slides/CM2.pdf , page41 used on input line 274.
(pdftex.def)             Requested size: 211.28885pt x 149.30743pt.
<Slides/CM2.pdf, id=641, page=43, 845.1575pt x 597.23125pt>
File: Slides/CM2.pdf Graphic file (type pdf)
<use Slides/CM2.pdf, page 43>
Package pdftex.def Info: Slides/CM2.pdf , page43 used on input line 278.
(pdftex.def)             Requested size: 211.28885pt x 149.30743pt.
[17 <./Slides/CM2.pdf> <./Slides/CM2.pdf

pdfTeX warning: pdflatex (file ./Slides/CM2.pdf): PDF inclusion: multiple pdfs with page group included in a single page
>]
<Slides/CM2.pdf, id=737, page=44, 845.1575pt x 597.23125pt>
File: Slides/CM2.pdf Graphic file (type pdf)
<use Slides/CM2.pdf, page 44>
Package pdftex.def Info: Slides/CM2.pdf , page44 used on input line 280.
(pdftex.def)             Requested size: 211.28885pt x 149.30743pt.
<Slides/CM2.pdf, id=738, page=45, 845.1575pt x 597.23125pt>
File: Slides/CM2.pdf Graphic file (type pdf)
<use Slides/CM2.pdf, page 45>
Package pdftex.def Info: Slides/CM2.pdf , page45 used on input line 281.
(pdftex.def)             Requested size: 211.28885pt x 149.30743pt.
<Slides/CM2.pdf, id=739, page=46, 845.1575pt x 597.23125pt>
File: Slides/CM2.pdf Graphic file (type pdf)
<use Slides/CM2.pdf, page 46>
Package pdftex.def Info: Slides/CM2.pdf , page46 used on input line 284.
(pdftex.def)             Requested size: 211.28885pt x 149.30743pt.
 [18 <./Slides/CM2.pdf> <./Slides/CM2.pdf

pdfTeX warning: pdflatex (file ./Slides/CM2.pdf): PDF inclusion: multiple pdfs with page group included in a single page
> <./Slides/CM2.pdf

pdfTeX warning: pdflatex (file ./Slides/CM2.pdf): PDF inclusion: multiple pdfs with page group included in a single page
>]
<Slides/CM2.pdf, id=850, page=47, 845.1575pt x 597.23125pt>
File: Slides/CM2.pdf Graphic file (type pdf)
<use Slides/CM2.pdf, page 47>
Package pdftex.def Info: Slides/CM2.pdf , page47 used on input line 285.
(pdftex.def)             Requested size: 211.28885pt x 149.30743pt.
<Slides/CM2.pdf, id=851, page=48, 845.1575pt x 597.23125pt>
File: Slides/CM2.pdf Graphic file (type pdf)
<use Slides/CM2.pdf, page 48>
Package pdftex.def Info: Slides/CM2.pdf , page48 used on input line 286.
(pdftex.def)             Requested size: 211.28885pt x 149.30743pt.
<Slides/CM2.pdf, id=852, page=50, 845.1575pt x 597.23125pt>
File: Slides/CM2.pdf Graphic file (type pdf)
<use Slides/CM2.pdf, page 50>
Package pdftex.def Info: Slides/CM2.pdf , page50 used on input line 289.
(pdftex.def)             Requested size: 211.28885pt x 149.30743pt.
 [19 <./Slides/CM2.pdf> <./Slides/CM2.pdf

pdfTeX warning: pdflatex (file ./Slides/CM2.pdf): PDF inclusion: multiple pdfs with page group included in a single page
> <./Slides/CM2.pdf

pdfTeX warning: pdflatex (file ./Slides/CM2.pdf): PDF inclusion: multiple pdfs with page group included in a single page
>]
<Slides/CM2.pdf, id=935, page=51, 845.1575pt x 597.23125pt>
File: Slides/CM2.pdf Graphic file (type pdf)
<use Slides/CM2.pdf, page 51>
Package pdftex.def Info: Slides/CM2.pdf , page51 used on input line 290.
(pdftex.def)             Requested size: 211.28885pt x 149.30743pt.
 [20 <./Slides/CM2.pdf> <./Slides/CM2.pdf

pdfTeX warning: pdflatex (file ./Slides/CM2.pdf): PDF inclusion: multiple pdfs with page group included in a single page
>]
<Slides/CM2.pdf, id=983, page=54, 845.1575pt x 597.23125pt>
File: Slides/CM2.pdf Graphic file (type pdf)
<use Slides/CM2.pdf, page 54>
Package pdftex.def Info: Slides/CM2.pdf , page54 used on input line 294.
(pdftex.def)             Requested size: 211.28885pt x 149.30743pt.
<Slides/CM2.pdf, id=984, page=56, 845.1575pt x 597.23125pt>
File: Slides/CM2.pdf Graphic file (type pdf)
<use Slides/CM2.pdf, page 56>
Package pdftex.def Info: Slides/CM2.pdf , page56 used on input line 298.
(pdftex.def)             Requested size: 211.28885pt x 149.30743pt.
 [21 <./Slides/CM2.pdf> <./Slides/CM2.pdf

pdfTeX warning: pdflatex (file ./Slides/CM2.pdf): PDF inclusion: multiple pdfs with page group included in a single page
>]
<Slides/CM2.pdf, id=1038, page=60, 845.1575pt x 597.23125pt>
File: Slides/CM2.pdf Graphic file (type pdf)
<use Slides/CM2.pdf, page 60>
Package pdftex.def Info: Slides/CM2.pdf , page60 used on input line 305.
(pdftex.def)             Requested size: 211.28885pt x 149.30743pt.
<Slides/CM2.pdf, id=1039, page=65, 845.1575pt x 597.23125pt>
File: Slides/CM2.pdf Graphic file (type pdf)
<use Slides/CM2.pdf, page 65>
Package pdftex.def Info: Slides/CM2.pdf , page65 used on input line 310.
(pdftex.def)             Requested size: 211.28885pt x 149.30743pt.

Underfull \hbox (badness 10000) in paragraph at lines 311--315

 []

[22 <./Slides/CM2.pdf> <./Slides/CM2.pdf

pdfTeX warning: pdflatex (file ./Slides/CM2.pdf): PDF inclusion: multiple pdfs with page group included in a single page
>]
<Slides/CM2.pdf, id=1081, page=70, 845.1575pt x 597.23125pt>
File: Slides/CM2.pdf Graphic file (type pdf)
<use Slides/CM2.pdf, page 70>
Package pdftex.def Info: Slides/CM2.pdf , page70 used on input line 315.
(pdftex.def)             Requested size: 211.28885pt x 149.30743pt.
 [23 <./Slides/CM2.pdf>]
<Slides/CM3.pdf, id=1137, page=4, 845.1575pt x 597.23125pt>
File: Slides/CM3.pdf Graphic file (type pdf)
<use Slides/CM3.pdf, page 4>
Package pdftex.def Info: Slides/CM3.pdf , page4 used on input line 321.
(pdftex.def)             Requested size: 211.28885pt x 149.30743pt.

Overfull \hbox (1.90077pt too wide) in paragraph at lines 322--323
\OT1/cmss/m/n/10 On utilis-era couram-ment des \OT1/cmss/bx/n/10 di-a-grammes ^^Senerg^^Setiques \OT1/cmss/m/n/10 ou \OT1/cmss/bx/n/10 cin^^Setiques \OT1/cmss/m/n/10 lors d'^^Setudes
 []

<./Images/encombrement_sterique.png, id=1138, 598.48593pt x 118.19156pt>
File: ./Images/encombrement_sterique.png Graphic file (type png)
<use ./Images/encombrement_sterique.png>
Package pdftex.def Info: ./Images/encombrement_sterique.png  used on input line 337.
(pdftex.def)             Requested size: 299.24223pt x 59.09563pt.
[24 <./Slides/CM3.pdf>]
<Slides/CM3.pdf, id=1188, page=20, 845.1575pt x 597.23125pt>
File: Slides/CM3.pdf Graphic file (type pdf)
<use Slides/CM3.pdf, page 20>
Package pdftex.def Info: Slides/CM3.pdf , page20 used on input line 349.
(pdftex.def)             Requested size: 211.28885pt x 149.30743pt.
 [25 <./Images/encombrement_sterique.png> <./Slides/CM3.pdf>]
Overfull \hbox (1.59546pt too wide) in paragraph at lines 360--362
\OT1/cmss/m/n/10 : On ne prend pas en compte \OT1/cmss/bx/n/10 les ^^Selectron non-appari^^Ses ou le manque d'^^Selectrons\OT1/cmss/m/n/10 . 
 []

<Slides/CM3.pdf, id=1239, page=32, 845.1575pt x 597.23125pt>
File: Slides/CM3.pdf Graphic file (type pdf)
<use Slides/CM3.pdf, page 32>
Package pdftex.def Info: Slides/CM3.pdf , page32 used on input line 366.
(pdftex.def)             Requested size: 211.28885pt x 149.30743pt.
[26 <./Slides/CM3.pdf>]
<Slides/CM3.pdf, id=1283, page=38, 845.1575pt x 597.23125pt>
File: Slides/CM3.pdf Graphic file (type pdf)
<use Slides/CM3.pdf, page 38>
Package pdftex.def Info: Slides/CM3.pdf , page38 used on input line 384.
(pdftex.def)             Requested size: 211.28885pt x 149.30743pt.

Underfull \hbox (badness 10000) in paragraph at lines 385--386

 []

[27 <./Slides/CM3.pdf>]
LaTeX Font Info:    Font shape `OT1/cmss/m/it' in size <10> not available
(Font)              Font shape `OT1/cmss/m/sl' tried instead on input line 394.
<Slides/CM3.pdf, id=1346, page=42, 845.1575pt x 597.23125pt>
File: Slides/CM3.pdf Graphic file (type pdf)
<use Slides/CM3.pdf, page 42>
Package pdftex.def Info: Slides/CM3.pdf , page42 used on input line 399.
(pdftex.def)             Requested size: 211.28885pt x 149.30743pt.

Underfull \hbox (badness 10000) in paragraph at lines 400--410

 []


Underfull \hbox (badness 10000) in paragraph at lines 400--410

 []


Underfull \hbox (badness 10000) in paragraph at lines 400--410

 []

[28 <./Slides/CM3.pdf>]
Underfull \hbox (badness 10000) in paragraph at lines 426--431

 []

[29] (./Synthese.aux)
 ***********
LaTeX2e <2023-11-01> patch level 1
L3 programming layer <2024-02-20>
 ***********
 ) 
Here is how much of TeX's memory you used:
 4741 strings out of 476076
 85186 string characters out of 5793775
 1938187 words of memory out of 5000000
 26794 multiletter control sequences out of 15000+600000
 566039 words of font info for 63 fonts, out of 8000000 for 9000
 14 hyphenation exceptions out of 8191
 68i,16n,79p,464b,417s stack positions out of 10000i,1000n,20000p,200000b,200000s
</usr/share/texmf-dist/fonts/type1/public/amsfonts/cm/cmmi10.pfb></usr/share/texmf-dist/fonts/type1/public/amsfonts/cm/cmr10.pfb></usr/share/texmf-dist/fonts/type1/public/amsfonts/cm/cmr7.pfb></usr/share/texmf-dist/fonts/type1/public/amsfonts/cm/cmss10.pfb></usr/share/texmf-dist/fonts/type1/public/amsfonts/cm/cmss12.pfb></usr/share/texmf-dist/fonts/type1/public/amsfonts/cm/cmss17.pfb></usr/share/texmf-dist/fonts/type1/public/amsfonts/cm/cmss8.pfb></usr/share/texmf-dist/fonts/type1/public/amsfonts/cm/cmssbx10.pfb></usr/share/texmf-dist/fonts/type1/public/amsfonts/cm/cmssi8.pfb></usr/share/texmf-dist/fonts/type1/public/amsfonts/cm/cmsy10.pfb></usr/share/texmf-dist/fonts/type1/public/amsfonts/cm/cmsy7.pfb></usr/share/texmf-dist/fonts/type1/public/cm-super/sfss1000.pfb>
Output written on Synthese.pdf (29 pages, 6710026 bytes).
PDF statistics:
 1463 PDF objects out of 1728 (max. 8388607)
 939 compressed objects within 10 object streams
 0 named destinations out of 1000 (max. 500000)
 246 words of extra memory for PDF output out of 10000 (max. 10000000)

