This is pdfTeX, Version 3.141592653-2.6-1.40.25 (TeX Live 2023/Debian) (preloaded format=pdflatex 2024.9.5)  5 SEP 2024 23:28
entering extended mode
 restricted \write18 enabled.
 file:line:error style messages enabled.
 %&-line parsing enabled.
**"/home/qtbodart/Git/Work/UCLouvain/FYKI/LMAPR1805 - Intro a la science des materiaux/Synthèse Latex/synthèse.tex"
(/home/qtbodart/Git/Work/UCLouvain/FYKI/LMAPR1805 - Intro a la science des materiaux/Synthèse Latex/synthèse.tex
LaTeX2e <2023-11-01> patch level 1
L3 programming layer <2024-01-22>
(/usr/share/texlive/texmf-dist/tex/latex/base/article.cls
Document Class: article 2023/05/17 v1.4n Standard LaTeX document class
(/usr/share/texlive/texmf-dist/tex/latex/base/size10.clo
File: size10.clo 2023/05/17 v1.4n Standard LaTeX file (size option)
)
\c@part=\count187
\c@section=\count188
\c@subsection=\count189
\c@subsubsection=\count190
\c@paragraph=\count191
\c@subparagraph=\count192
\c@figure=\count193
\c@table=\count194
\abovecaptionskip=\skip48
\belowcaptionskip=\skip49
\bibindent=\dimen140
) (/usr/share/texlive/texmf-dist/tex/latex/graphics/graphicx.sty
Package: graphicx 2021/09/16 v1.2d Enhanced LaTeX Graphics (DPC,SPQR)
 (/usr/share/texlive/texmf-dist/tex/latex/graphics/keyval.sty
Package: keyval 2022/05/29 v1.15 key=value parser (DPC)
\KV@toks@=\toks17
) (/usr/share/texlive/texmf-dist/tex/latex/graphics/graphics.sty
Package: graphics 2022/03/10 v1.4e Standard LaTeX Graphics (DPC,SPQR)
 (/usr/share/texlive/texmf-dist/tex/latex/graphics/trig.sty
Package: trig 2021/08/11 v1.11 sin cos tan (DPC)
) (/usr/share/texlive/texmf-dist/tex/latex/graphics-cfg/graphics.cfg
File: graphics.cfg 2016/06/04 v1.11 sample graphics configuration
)
Package graphics Info: Driver file: pdftex.def on input line 107.
 (/usr/share/texlive/texmf-dist/tex/latex/graphics-def/pdftex.def
File: pdftex.def 2022/09/22 v1.2b Graphics/color driver for pdftex
))
\Gin@req@height=\dimen141
\Gin@req@width=\dimen142
) (/usr/share/texlive/texmf-dist/tex/latex/amsmath/amsmath.sty
Package: amsmath 2023/05/13 v2.17o AMS math features
\@mathmargin=\skip50

For additional information on amsmath, use the `?' option.
(/usr/share/texlive/texmf-dist/tex/latex/amsmath/amstext.sty
Package: amstext 2021/08/26 v2.01 AMS text
 (/usr/share/texlive/texmf-dist/tex/latex/amsmath/amsgen.sty
File: amsgen.sty 1999/11/30 v2.0 generic functions
\@emptytoks=\toks18
\ex@=\dimen143
)) (/usr/share/texlive/texmf-dist/tex/latex/amsmath/amsbsy.sty
Package: amsbsy 1999/11/29 v1.2d Bold Symbols
\pmbraise@=\dimen144
) (/usr/share/texlive/texmf-dist/tex/latex/amsmath/amsopn.sty
Package: amsopn 2022/04/08 v2.04 operator names
)
\inf@bad=\count195
LaTeX Info: Redefining \frac on input line 234.
\uproot@=\count196
\leftroot@=\count197
LaTeX Info: Redefining \overline on input line 399.
LaTeX Info: Redefining \colon on input line 410.
\classnum@=\count198
\DOTSCASE@=\count199
LaTeX Info: Redefining \ldots on input line 496.
LaTeX Info: Redefining \dots on input line 499.
LaTeX Info: Redefining \cdots on input line 620.
\Mathstrutbox@=\box51
\strutbox@=\box52
LaTeX Info: Redefining \big on input line 722.
LaTeX Info: Redefining \Big on input line 723.
LaTeX Info: Redefining \bigg on input line 724.
LaTeX Info: Redefining \Bigg on input line 725.
\big@size=\dimen145
LaTeX Font Info:    Redeclaring font encoding OML on input line 743.
LaTeX Font Info:    Redeclaring font encoding OMS on input line 744.
\macc@depth=\count266
LaTeX Info: Redefining \bmod on input line 905.
LaTeX Info: Redefining \pmod on input line 910.
LaTeX Info: Redefining \smash on input line 940.
LaTeX Info: Redefining \relbar on input line 970.
LaTeX Info: Redefining \Relbar on input line 971.
\c@MaxMatrixCols=\count267
\dotsspace@=\muskip16
\c@parentequation=\count268
\dspbrk@lvl=\count269
\tag@help=\toks19
\row@=\count270
\column@=\count271
\maxfields@=\count272
\andhelp@=\toks20
\eqnshift@=\dimen146
\alignsep@=\dimen147
\tagshift@=\dimen148
\tagwidth@=\dimen149
\totwidth@=\dimen150
\lineht@=\dimen151
\@envbody=\toks21
\multlinegap=\skip51
\multlinetaggap=\skip52
\mathdisplay@stack=\toks22
LaTeX Info: Redefining \[ on input line 2953.
LaTeX Info: Redefining \] on input line 2954.
) (/usr/share/texlive/texmf-dist/tex/latex/l3backend/l3backend-pdftex.def
File: l3backend-pdftex.def 2024-01-04 L3 backend support: PDF output (pdfTeX)
\l__color_backend_stack_int=\count273
\l__pdf_internal_box=\box53
) (./synthèse.aux)
\openout1 = `synthèse.aux'.

LaTeX Font Info:    Checking defaults for OML/cmm/m/it on input line 12.
LaTeX Font Info:    ... okay on input line 12.
LaTeX Font Info:    Checking defaults for OMS/cmsy/m/n on input line 12.
LaTeX Font Info:    ... okay on input line 12.
LaTeX Font Info:    Checking defaults for OT1/cmr/m/n on input line 12.
LaTeX Font Info:    ... okay on input line 12.
LaTeX Font Info:    Checking defaults for T1/cmr/m/n on input line 12.
LaTeX Font Info:    ... okay on input line 12.
LaTeX Font Info:    Checking defaults for TS1/cmr/m/n on input line 12.
LaTeX Font Info:    ... okay on input line 12.
LaTeX Font Info:    Checking defaults for OMX/cmex/m/n on input line 12.
LaTeX Font Info:    ... okay on input line 12.
LaTeX Font Info:    Checking defaults for U/cmr/m/n on input line 12.
LaTeX Font Info:    ... okay on input line 12.
 (/usr/share/texlive/texmf-dist/tex/context/base/mkii/supp-pdf.mkii
[Loading MPS to PDF converter (version 2006.09.02).]
\scratchcounter=\count274
\scratchdimen=\dimen152
\scratchbox=\box54
\nofMPsegments=\count275
\nofMParguments=\count276
\everyMPshowfont=\toks23
\MPscratchCnt=\count277
\MPscratchDim=\dimen153
\MPnumerator=\count278
\makeMPintoPDFobject=\count279
\everyMPtoPDFconversion=\toks24
) (/usr/share/texlive/texmf-dist/tex/latex/epstopdf-pkg/epstopdf-base.sty
Package: epstopdf-base 2020-01-24 v2.11 Base part for package epstopdf
 (/usr/share/texlive/texmf-dist/tex/generic/infwarerr/infwarerr.sty
Package: infwarerr 2019/12/03 v1.5 Providing info/warning/error messages (HO)
) (/usr/share/texlive/texmf-dist/tex/latex/grfext/grfext.sty
Package: grfext 2019/12/03 v1.3 Manage graphics extensions (HO)
 (/usr/share/texlive/texmf-dist/tex/generic/kvdefinekeys/kvdefinekeys.sty
Package: kvdefinekeys 2019-12-19 v1.6 Define keys (HO)
)) (/usr/share/texlive/texmf-dist/tex/latex/kvoptions/kvoptions.sty
Package: kvoptions 2022-06-15 v3.15 Key value format for package options (HO)
 (/usr/share/texlive/texmf-dist/tex/generic/ltxcmds/ltxcmds.sty
Package: ltxcmds 2023-12-04 v1.26 LaTeX kernel commands for general use (HO)
) (/usr/share/texlive/texmf-dist/tex/latex/kvsetkeys/kvsetkeys.sty
Package: kvsetkeys 2022-10-05 v1.19 Key value parser (HO)
)) (/usr/share/texlive/texmf-dist/tex/generic/pdftexcmds/pdftexcmds.sty
Package: pdftexcmds 2020-06-27 v0.33 Utility functions of pdfTeX for LuaTeX (HO)
 (/usr/share/texlive/texmf-dist/tex/generic/iftex/iftex.sty
Package: iftex 2022/02/03 v1.0f TeX engine tests
)
Package pdftexcmds Info: \pdf@primitive is available.
Package pdftexcmds Info: \pdf@ifprimitive is available.
Package pdftexcmds Info: \pdfdraftmode found.
)
Package epstopdf-base Info: Redefining graphics rule for `.eps' on input line 485.
Package grfext Info: Graphics extension search list:
(grfext)             [.pdf,.png,.jpg,.mps,.jpeg,.jbig2,.jb2,.PDF,.PNG,.JPG,.JPEG,.JBIG2,.JB2,.eps]
(grfext)             \AppendGraphicsExtensions on input line 504.
 (/usr/share/texlive/texmf-dist/tex/latex/latexconfig/epstopdf-sys.cfg
File: epstopdf-sys.cfg 2010/07/13 v1.3 Configuration of (r)epstopdf for TeX Live
)) (./synthèse.toc [1

{/var/lib/texmf/fonts/map/pdftex/updmap/pdftex.map}]
Overfull \hbox (12.80618pt too wide) in paragraph at lines 66--66
 [][] []\OT1/cmss/m/n/10 Diamagn^^Setisme, para-m-agn^^Setisme, fer-ro-magn^^Setisme, anti-ferromagn^^Setisme []  
 []

[2]
Overfull \hbox (28.0322pt too wide) in paragraph at lines 86--86
 [] []\OT1/cmss/bx/n/10 D^^Sefauts/microstructure/propri^^Set^^Ses des mat^^Seriaux m^^Setalliques et c^^Seramiques []  
 []


Overfull \hbox (32.83499pt too wide) in paragraph at lines 89--89
 [] []\OT1/cmss/bx/n/10 Architecture mol^^Seculaire/microstructure/propri^^Set^^Ses des mat^^Seriaux polym^^Reres []  
 []

)
\tf@toc=\write3
\openout3 = `synthèse.toc'.

 [3]
LaTeX Font Info:    Trying to load font information for TS1+cmss on input line 21.
 (/usr/share/texlive/texmf-dist/tex/latex/base/ts1cmss.fd
File: ts1cmss.fd 2023/04/13 v2.5m Standard LaTeX font definitions
)
<./Images/Miller_1.png, id=16, 484.05844pt x 220.57407pt>
File: ./Images/Miller_1.png Graphic file (type png)
<use ./Images/Miller_1.png>
Package pdftex.def Info: ./Images/Miller_1.png  used on input line 22.
(pdftex.def)             Requested size: 242.02863pt x 110.28676pt.
<./Images/Miller_2.png, id=18, 505.89pt x 231.86626pt>
File: ./Images/Miller_2.png Graphic file (type png)
<use ./Images/Miller_2.png>
Package pdftex.def Info: ./Images/Miller_2.png  used on input line 24.
(pdftex.def)             Requested size: 252.94437pt x 115.93283pt.
 [4 <./Images/Miller_1.png> <./Images/Miller_2.png>]
<./Images/defauts_ponctuels.png, id=27, 599.23875pt x 389.95688pt>
File: ./Images/defauts_ponctuels.png Graphic file (type png)
<use ./Images/defauts_ponctuels.png>
Package pdftex.def Info: ./Images/defauts_ponctuels.png  used on input line 31.
(pdftex.def)             Requested size: 179.77301pt x 116.98796pt.
<./Images/dislocations_vis_et_coin.png, id=28, 499.11469pt x 248.42813pt>
File: ./Images/dislocations_vis_et_coin.png Graphic file (type png)
<use ./Images/dislocations_vis_et_coin.png>
Package pdftex.def Info: ./Images/dislocations_vis_et_coin.png  used on input line 44.
(pdftex.def)             Requested size: 249.55672pt x 124.21376pt.
<./Images/macles.png, id=29, 224.33812pt x 194.22563pt>
File: ./Images/macles.png Graphic file (type png)
<use ./Images/macles.png>
Package pdftex.def Info: ./Images/macles.png  used on input line 50.
(pdftex.def)             Requested size: 112.16878pt x 97.11256pt.
 [5 <./Images/defauts_ponctuels.png> <./Images/dislocations_vis_et_coin.png>]
<./Images/defauts_d_empilement.png, id=35, 194.97844pt x 193.47281pt>
File: ./Images/defauts_d_empilement.png Graphic file (type png)
<use ./Images/defauts_d_empilement.png>
Package pdftex.def Info: ./Images/defauts_d_empilement.png  used on input line 52.
(pdftex.def)             Requested size: 113.08755pt x 112.2143pt.
<Images/precipites.png, id=36, 429.10312pt x 187.45032pt>
File: Images/precipites.png Graphic file (type png)
<use Images/precipites.png>
Package pdftex.def Info: Images/precipites.png  used on input line 59.
(pdftex.def)             Requested size: 319.99997pt x 139.78937pt.
 [6 <./Images/macles.png> <./Images/defauts_d_empilement.png> <./Images/precipites.png>]
Overfull \hbox (1.20631pt too wide) in paragraph at lines 63--64
\OT1/cmss/m/n/10 L'^^Setat amor-phe d'un mat^^Seriau se car-act^^Serise par un \OT1/cmss/bx/n/10 d^^Sesordre struc-turel \OT1/cmss/m/n/10 et l'\OT1/cmss/bx/n/10 absence
 []


Overfull \hbox (6.77818pt too wide) in paragraph at lines 65--66
\OT1/cmss/m/n/10 polym^^Reres (ther-mo-plas-tiques amor-phes, ther-mod-urs, ^^Selastom^^Reres) ne pr^^Sesentent
 []

<Images/table_polymeres.png, id=43, 866.48718pt x 408.77719pt>
File: Images/table_polymeres.png Graphic file (type png)
<use Images/table_polymeres.png>
Package pdftex.def Info: Images/table_polymeres.png  used on input line 79.
(pdftex.def)             Requested size: 345.0pt x 162.75948pt.
[7]
Overfull \hbox (23.30598pt too wide) in paragraph at lines 85--86
\OT1/cmss/m/n/10 peut ^etre iso-tac-tique (or-donn^^See), syn-dio-tac-tique (al-tern^^See), ou at-ac-tique (al^^Seatoire),
 []

<Images/isotactique.png, id=49, 732.48656pt x 366.61969pt>
File: Images/isotactique.png Graphic file (type png)
<use Images/isotactique.png>
Package pdftex.def Info: Images/isotactique.png  used on input line 88.
(pdftex.def)             Requested size: 178.80179pt x 89.48975pt.
<Images/syndiotactique.png, id=50, 754.31813pt x 355.3275pt>
File: Images/syndiotactique.png Graphic file (type png)
<use Images/syndiotactique.png>
Package pdftex.def Info: Images/syndiotactique.png  used on input line 90.
(pdftex.def)             Requested size: 178.80179pt x 84.22307pt.
[8 <./Images/table_polymeres.png> <./Images/isotactique.png> <./Images/syndiotactique.png>]
<Images/atactique.png, id=57, 735.49782pt x 230.36063pt>
File: Images/atactique.png Graphic file (type png)
<use Images/atactique.png>
Package pdftex.def Info: Images/atactique.png  used on input line 93.
(pdftex.def)             Requested size: 178.80179pt x 56.00122pt.
 [9 <./Images/atactique.png>] [10]
<Images/phases_a_l_equilibre.png, id=65, 531.48563pt x 330.48468pt>
File: Images/phases_a_l_equilibre.png Graphic file (type png)
<use Images/phases_a_l_equilibre.png>
Package pdftex.def Info: Images/phases_a_l_equilibre.png  used on input line 136.
(pdftex.def)             Requested size: 310.4979pt x 193.07304pt.
<Images/solubilite_mutuelle_complete.png, id=66, 258.21469pt x 272.51813pt>
File: Images/solubilite_mutuelle_complete.png Graphic file (type png)
<use Images/solubilite_mutuelle_complete.png>
Package pdftex.def Info: Images/solubilite_mutuelle_complete.png  used on input line 140.
(pdftex.def)             Requested size: 172.5pt x 182.06224pt.
 [11 <./Images/phases_a_l_equilibre.png>]
<./Images/lacune_de_solubilite.png, id=72, 589.4522pt x 492.33937pt>
File: ./Images/lacune_de_solubilite.png Graphic file (type png)
<use ./Images/lacune_de_solubilite.png>
Package pdftex.def Info: ./Images/lacune_de_solubilite.png  used on input line 144.
(pdftex.def)             Requested size: 207.0021pt x 172.89981pt.
<Images/eutectique.png, id=73, 575.14874pt x 421.575pt>
File: Images/eutectique.png Graphic file (type png)
<use Images/eutectique.png>
Package pdftex.def Info: Images/eutectique.png  used on input line 147.
(pdftex.def)             Requested size: 276.00105pt x 202.30867pt.
<Images/péritectique.png, id=74, 586.44093pt x 421.575pt>
File: Images/péritectique.png Graphic file (type png)
<use Images/péritectique.png>
Package pdftex.def Info: Images/péritectique.png  used on input line 149.
(pdftex.def)             Requested size: 276.00105pt x 198.404pt.

Underfull \hbox (badness 10000) in paragraph at lines 143--151

 []

[12 <./Images/solubilite_mutuelle_complete.png> <./Images/lacune_de_solubilite.png>] [13 <./Images/eutectique.png> <./Images/péritectique.png>]
<./Images/sb_exothermique.png, id=86, 574.39594pt x 425.33907pt>
File: ./Images/sb_exothermique.png Graphic file (type png)
<use ./Images/sb_exothermique.png>
Package pdftex.def Info: ./Images/sb_exothermique.png  used on input line 153.
(pdftex.def)             Requested size: 276.00105pt x 204.38109pt.

Overfull \hbox (3.61647pt too wide) in paragraph at lines 152--154
\OT1/cmss/m/n/10 Les syst^^Remes bi-naires exother-miques, o^^Ru la dis-so-lu-tion lib^^Rere de la chaleur ($\OT1/cmr/m/n/10 ^^A[]\OML/cmm/m/it/10 H[] <
 []

[14 <./Images/sb_exothermique.png>] [15]
<Images/ligne_triple.png, id=97, 469.00218pt x 240.14719pt>
File: Images/ligne_triple.png Graphic file (type png)
<use Images/ligne_triple.png>
Package pdftex.def Info: Images/ligne_triple.png  used on input line 187.
(pdftex.def)             Requested size: 239.99997pt x 122.8875pt.
<Images/mouillage.png, id=98, 511.9125pt x 150.5625pt>
File: Images/mouillage.png Graphic file (type png)
<use Images/mouillage.png>
Package pdftex.def Info: Images/mouillage.png  used on input line 193.
(pdftex.def)             Requested size: 239.99997pt x 70.58748pt.
 [16 <./Images/ligne_triple.png> <./Images/mouillage.png>]
<Images/forme_d_equilibre_cristaux.png, id=104, 560.8453pt x 350.81062pt>
File: Images/forme_d_equilibre_cristaux.png Graphic file (type png)
<use Images/forme_d_equilibre_cristaux.png>
Package pdftex.def Info: Images/forme_d_equilibre_cristaux.png  used on input line 202.
(pdftex.def)             Requested size: 258.75pt x 161.84589pt.
 [17 <./Images/forme_d_equilibre_cristaux.png>]
Overfull \hbox (6.8336pt too wide) in paragraph at lines 206--207
\OT1/cmss/m/n/10 Les trans-for-ma-tions de phase im-pliquent des change-ments dans les ^^Setats des mat^^Seriaux
 []

<Images/forces_motrices_et_resistives.png, id=109, 261.97874pt x 263.48438pt>
File: Images/forces_motrices_et_resistives.png Graphic file (type png)
<use Images/forces_motrices_et_resistives.png>
Package pdftex.def Info: Images/forces_motrices_et_resistives.png  used on input line 212.
(pdftex.def)             Requested size: 159.99998pt x 160.92223pt.

Overfull \hbox (1.05592pt too wide) in paragraph at lines 216--217
\OT1/cmss/m/n/10 La ger-mi-na-tion ho-mog^^Rene se pro-duit dans tout le vol-ume du mat^^Seriau sans pr^^Sef^^Serence
 []


Overfull \hbox (0.58743pt too wide) in paragraph at lines 221--222
[]\OT1/cmss/m/n/10 Contribution in-ter-fa-ciale ($\OML/cmm/m/it/10 A[]^^M[]$\OT1/cmss/m/n/10 ) : Co^ut ^^Senerg^^Setique as-soci^^Se ^^Ra la cr^^Seation
 []


Underfull \hbox (badness 10000) in paragraph at lines 221--222

 []

[18 <./Images/forces_motrices_et_resistives.png>]
<Images/contribution_surfacique_et_volumique.png, id=114, 885.3075pt x 545.78906pt>
File: Images/contribution_surfacique_et_volumique.png Graphic file (type png)
<use Images/contribution_surfacique_et_volumique.png>
Package pdftex.def Info: Images/contribution_surfacique_et_volumique.png  used on input line 223.
(pdftex.def)             Requested size: 239.99997pt x 147.9563pt.
<Images/barriere_de_potentiel.png, id=115, 880.79062pt x 537.50812pt>
File: Images/barriere_de_potentiel.png Graphic file (type png)
<use Images/barriere_de_potentiel.png>
Package pdftex.def Info: Images/barriere_de_potentiel.png  used on input line 225.
(pdftex.def)             Requested size: 239.99997pt x 146.45781pt.

Overfull \hbox (1.72255pt too wide) in paragraph at lines 231--232
[]\OT1/cmss/m/n/10 Avantage de la ger-mi-na-tion h^^Set^^Serog^^Rene : Elle n^^Secessite une ^^Senergie d'activation
 []

<Images/germination_heterogene.png, id=116, 862.72313pt x 532.23843pt>
File: Images/germination_heterogene.png Graphic file (type png)
<use Images/germination_heterogene.png>
Package pdftex.def Info: Images/germination_heterogene.png  used on input line 236.
(pdftex.def)             Requested size: 239.99997pt x 148.0593pt.
[19 <./Images/contribution_surfacique_et_volumique.png> <./Images/barriere_de_potentiel.png>]
<Images/germination_phase_non_fluide.png, id=123, 427.5975pt x 179.16937pt>
File: Images/germination_phase_non_fluide.png Graphic file (type png)
<use Images/germination_phase_non_fluide.png>
Package pdftex.def Info: Images/germination_phase_non_fluide.png  used on input line 246.
(pdftex.def)             Requested size: 159.99998pt x 67.04071pt.
 [20 <./Images/germination_heterogene.png> <./Images/germination_phase_non_fluide.png>]
<Images/diffusion.png, id=129, 881.54344pt x 541.27219pt>
File: Images/diffusion.png Graphic file (type png)
<use Images/diffusion.png>
Package pdftex.def Info: Images/diffusion.png  used on input line 255.
(pdftex.def)             Requested size: 258.75pt x 158.87277pt.
 [21 <./Images/diffusion.png>]
<Images/loi_de_fick.png, id=134, 624.83438pt x 328.97906pt>
File: Images/loi_de_fick.png Graphic file (type png)
<use Images/loi_de_fick.png>
Package pdftex.def Info: Images/loi_de_fick.png  used on input line 273.
(pdftex.def)             Requested size: 239.99997pt x 126.35864pt.
<Images/mecanismes_de_diffusion.png, id=135, 834.11626pt x 304.13625pt>
File: Images/mecanismes_de_diffusion.png Graphic file (type png)
<use Images/mecanismes_de_diffusion.png>
Package pdftex.def Info: Images/mecanismes_de_diffusion.png  used on input line 282.
(pdftex.def)             Requested size: 268.19815pt x 97.78966pt.
 [22 <./Images/loi_de_fick.png> <./Images/mecanismes_de_diffusion.png>]
<Images/saut_aleatoire_et_lacunes.png, id=141, 859.71187pt x 557.83406pt>
File: Images/saut_aleatoire_et_lacunes.png Graphic file (type png)
<use Images/saut_aleatoire_et_lacunes.png>
Package pdftex.def Info: Images/saut_aleatoire_et_lacunes.png  used on input line 287.
(pdftex.def)             Requested size: 239.99997pt x 155.72432pt.
<Images/coefficient_diffusion.png, id=142, 880.03781pt x 420.06938pt>
File: Images/coefficient_diffusion.png Graphic file (type png)
<use Images/coefficient_diffusion.png>
Package pdftex.def Info: Images/coefficient_diffusion.png  used on input line 288.
(pdftex.def)             Requested size: 239.99997pt x 114.55476pt.

Overfull \hbox (9.66695pt too wide) in paragraph at lines 300--301
\OT1/cmss/m/n/10 pentes sur ces di-a-grammes peu-vent r^^Sev^^Seler des m^^Secanismes de dif-fu-sion diff^^Serents
 []

[23 <./Images/saut_aleatoire_et_lacunes.png> <./Images/coefficient_diffusion.png>]
Overfull \hbox (2.52815pt too wide) in paragraph at lines 307--308
[][]\OT1/cmss/m/n/10 Equation de Schr^^?odinger : Four-nit une de-scrip-tion math^^Sematique de l'^^Sevolution
 []


Overfull \hbox (12.95865pt too wide) in paragraph at lines 323--324
\OT1/cmss/m/n/10 et peu-vent se d^^Seplacer li-bre-ment dans tout le solide, for-mant un "gaz d'^^Selectrons".
 []

[24]
Overfull \hbox (11.16699pt too wide) in paragraph at lines 352--353
\OT1/cmss/m/n/10 (^^Selectrons, trous) ou non charg^^Sees (phonons) sous l'influence de forces ext^^Serieures
 []

[25]
<Images/resistivites_electriques.png, id=156, 565.36218pt x 419.31656pt>
File: Images/resistivites_electriques.png Graphic file (type png)
<use Images/resistivites_electriques.png>
Package pdftex.def Info: Images/resistivites_electriques.png  used on input line 368.
(pdftex.def)             Requested size: 239.99997pt x 177.99922pt.
 [26]
<Images/conductivite_bandes_energies.png, id=160, 463.7325pt x 290.58563pt>
File: Images/conductivite_bandes_energies.png Graphic file (type png)
<use Images/conductivite_bandes_energies.png>
Package pdftex.def Info: Images/conductivite_bandes_energies.png  used on input line 376.
(pdftex.def)             Requested size: 239.99997pt x 150.39153pt.

Overfull \hbox (1.69554pt too wide) in paragraph at lines 380--381
\OT1/cmss/m/n/10 ^^Selectrique nulle en dessous d'une temp^^Serature cri-tique ($\OML/cmm/m/it/10 T[]$\OT1/cmss/m/n/10 ), ob-serv^^See pour la premi^^Rere
 []

[27 <./Images/resistivites_electriques.png> <./Images/conductivite_bandes_energies.png>]
<Images/theorie_bcs.png, id=166, 448.67625pt x 178.41656pt>
File: Images/theorie_bcs.png Graphic file (type png)
<use Images/theorie_bcs.png>
Package pdftex.def Info: Images/theorie_bcs.png  used on input line 387.
(pdftex.def)             Requested size: 239.99997pt x 95.4342pt.

Overfull \hbox (6.86147pt too wide) in paragraph at lines 392--394
\OT1/cmss/m/n/10 Transport d'^^Senergie : Lorsque diff^^Serentes r^^Segions d'un syst^^Reme sont ^^Ra des temp^^Seratures
 []

[28 <./Images/theorie_bcs.png>]
<Images/conduction_thermique_metaux_et_non_metaux.png, id=171, 444.15938pt x 331.2375pt>
File: Images/conduction_thermique_metaux_et_non_metaux.png Graphic file (type png)
<use Images/conduction_thermique_metaux_et_non_metaux.png>
Package pdftex.def Info: Images/conduction_thermique_metaux_et_non_metaux.png  used on input line 408.
(pdftex.def)             Requested size: 239.99997pt x 178.98183pt.
<Images/cond_thermique_reseau.png, id=172, 436.63126pt x 362.85562pt>
File: Images/cond_thermique_reseau.png Graphic file (type png)
<use Images/cond_thermique_reseau.png>
Package pdftex.def Info: Images/cond_thermique_reseau.png  used on input line 420.
(pdftex.def)             Requested size: 239.99997pt x 199.4494pt.
 [29 <./Images/conduction_thermique_metaux_et_non_metaux.png>]
Overfull \hbox (9.7033pt too wide) in paragraph at lines 426--427
[]\OT1/cmss/bx/n/10 Mati^^Rere po-laris^^See \OT1/cmss/m/n/10 : La mati^^Rere est con-stitu^^See de nom-breuses charges ^^Selectriques
 []

[30 <./Images/cond_thermique_reseau.png>]
Overfull \hbox (10.95332pt too wide) in paragraph at lines 443--444
[]\OT1/cmss/bx/n/10 Polarisation \OT1/cmss/m/n/10 : Dans un mat^^Seriau po-laris^^Se, un grand nom-bre de dip^oles ^^Selectriques
 []


Overfull \hbox (21.44792pt too wide) in paragraph at lines 444--445
[]\OT1/cmss/bx/n/10 Types de po-lar-i-sa-tion \OT1/cmss/m/n/10 : In-clu-ent la po-lar-i-sa-tion ^^Selectronique, ion-ique, d'orientation
 []

LaTeX Font Info:    Font shape `OT1/cmss/m/it' in size <10> not available
(Font)              Font shape `OT1/cmss/m/sl' tried instead on input line 461.

Overfull \hbox (28.65776pt too wide) in paragraph at lines 463--464
\OT1/cmss/m/n/10 ^^Selectrique en r^^Seponse ^^Ra une con-trainte m^^Secanique. Tous les mat^^Seriaux ferro^^Selectriques
 []


Overfull \hbox (27.19467pt too wide) in paragraph at lines 463--464
\OT1/cmss/m/n/10 sont aussi pi^^Sezo^^Selectriques, mais tous les pi^^Sezo^^Selectriques ne sont pas ferro^^Selectriques. 
 []

[31]
Overfull \hbox (15.00032pt too wide) in paragraph at lines 473--474
[]\OT1/cmss/m/n/10 Un mat^^Seriau pyro^^Selectrique est n^^Secessairement pi^^Sezo^^Selectrique, mais l'inverse
 []

<Images/pyro_et_piezoelectricite.png, id=186, 452.4403pt x 313.17pt>
File: Images/pyro_et_piezoelectricite.png Graphic file (type png)
<use Images/pyro_et_piezoelectricite.png>
Package pdftex.def Info: Images/pyro_et_piezoelectricite.png  used on input line 476.
(pdftex.def)             Requested size: 239.99997pt x 166.12265pt.

Overfull \hbox (30.69525pt too wide) in paragraph at lines 480--480
[]\OT1/cmss/bx/n/12 Description ^^Selectromagn^^Setique de la mati^^Rere (mati^^Rere aimant^^See) 
 []


Overfull \hbox (18.22285pt too wide) in paragraph at lines 484--485
[]\OT1/cmss/bx/n/10 Induction magn^^Setique \OT1/cmss/m/n/10 : Lorsqu'un mat^^Seriau est plac^^Se dans un champ magn^^Setique
 []

[32 <./Images/pyro_et_piezoelectricite.png>]
Overfull \hbox (3.99512pt too wide) in paragraph at lines 487--487
[]\OT1/cmss/bx/n/12 Notions de dip^ole magn^^Setique ^^Sel^^Sementaire et d'aimantation 
 []


Overfull \hbox (8.7781pt too wide) in paragraph at lines 505--506
\OT1/cmss/m/n/10 align^^Ses an-tipar-all^^Relement, r^^Sesultant en une aiman-ta-tion nette nulle ^^Ra temp^^Serature
 []

[33]
Overfull \hbox (10.91165pt too wide) in paragraph at lines 515--516
[]\OT1/cmss/bx/n/10 Luminescence \OT1/cmss/m/n/10 : []Emission de lumi^^Rere par un mat^^Seriau apr^^Res ab-sorp-tion d'^^Senergie. 
 []

<Images/optique_isolant.png, id=194, 465.23813pt x 338.76563pt>
File: Images/optique_isolant.png Graphic file (type png)
<use Images/optique_isolant.png>
Package pdftex.def Info: Images/optique_isolant.png  used on input line 523.
(pdftex.def)             Requested size: 239.99997pt x 174.75313pt.
<Images/optique_semiconducteurs.png, id=195, 452.4403pt x 363.60844pt>
File: Images/optique_semiconducteurs.png Graphic file (type png)
<use Images/optique_semiconducteurs.png>
Package pdftex.def Info: Images/optique_semiconducteurs.png  used on input line 525.
(pdftex.def)             Requested size: 239.99997pt x 192.87799pt.
[34 <./Images/optique_isolant.png>]
<Images/optique_verre.png, id=200, 349.305pt x 578.91281pt>
File: Images/optique_verre.png Graphic file (type png)
<use Images/optique_verre.png>
Package pdftex.def Info: Images/optique_verre.png  used on input line 527.
(pdftex.def)             Requested size: 239.99997pt x 397.76308pt.
 [35 <./Images/optique_semiconducteurs.png>]
<Images/optique_metaux.png, id=205, 344.78813pt x 575.90157pt>
File: Images/optique_metaux.png Graphic file (type png)
<use Images/optique_metaux.png>
Package pdftex.def Info: Images/optique_metaux.png  used on input line 529.
(pdftex.def)             Requested size: 239.99997pt x 400.87874pt.
 [36 <./Images/optique_verre.png>]
Overfull \hbox (2.46515pt too wide) in paragraph at lines 538--538
[]\OT1/cmss/bx/n/12 Fluorescence, phos-pho-res-cence, iri-des-cence, diffrac-tion, bi-
 []

[37 <./Images/optique_metaux.png>]
Overfull \hbox (14.43555pt too wide) in paragraph at lines 554--555
\OT1/cmss/m/n/10 nelles ^^Ra la force ap-pliqu^^See. Pour la plu-part des mat^^Seriaux (sauf caoutchoucs),
 []

[38] [39] [40] [41]
Overfull \hbox (7.02948pt too wide) in paragraph at lines 682--682
[]\OT1/cmss/bx/n/14.4 D^^Sefauts/microstructure/propri^^Set^^Ses des mat^^Seriaux
 []


Overfull \hbox (4.50845pt too wide) in paragraph at lines 683--683
[]\OT1/cmss/bx/n/12 Origine physique de l'^^Selasticit^^Se des mat^^Seriaux en-thalpiques 
 []


Overfull \hbox (3.37999pt too wide) in paragraph at lines 686--687
\OT1/cmss/m/n/10 sa forme ini-tiale apr^^Res d^^Seformation. Pour les mat^^Seriaux en-thalpiques, l'^^Selasticit^^Se
 []

[42]
Overfull \hbox (22.4061pt too wide) in paragraph at lines 711--712
[][]\OT1/cmss/bx/n/10 Ecrouissage \OT1/cmss/m/n/10 : Aug-men-ta-tion de la den-sit^^Se de dis-lo-ca-tions avec la d^^Seformation,
 []


Overfull \hbox (21.4855pt too wide) in paragraph at lines 726--726
[]\OT1/cmss/bx/n/14.4 Architecture mol^^Seculaire/microstructure/propri^^Set^^Ses
 []

[43]
Overfull \hbox (3.32838pt too wide) in paragraph at lines 751--752
[]\OT1/cmss/bx/n/10 Module d'^^Selasticit^^Se \OT1/cmss/m/n/10 : D^^Sepend de la struc-ture mol^^Seculaire et de la temp^^Serature. 
 []

[44] [45] (./synthèse.aux)
 ***********
LaTeX2e <2023-11-01> patch level 1
L3 programming layer <2024-01-22>
 ***********
 ) 
Here is how much of TeX's memory you used:
 2926 strings out of 476139
 52871 string characters out of 5794455
 1938975 words of memory out of 5000000
 24910 multiletter control sequences out of 15000+600000
 565337 words of font info for 61 fonts, out of 8000000 for 9000
 36 hyphenation exceptions out of 8191
 61i,6n,69p,679b,262s stack positions out of 10000i,1000n,20000p,200000b,200000s
 </home/qtbodart/.texlive2023/texmf-var/fonts/pk/ljfour/jknappen/ec/tcss1000.600pk></usr/share/texlive/texmf-dist/fonts/type1/public/amsfonts/cm/cmex10.pfb></usr/share/texlive/texmf-dist/fonts/type1/public/amsfonts/cm/cmmi10.pfb></usr/share/texlive/texmf-dist/fonts/type1/public/amsfonts/cm/cmmi5.pfb></usr/share/texlive/texmf-dist/fonts/type1/public/amsfonts/cm/cmmi7.pfb></usr/share/texlive/texmf-dist/fonts/type1/public/amsfonts/cm/cmr10.pfb></usr/share/texlive/texmf-dist/fonts/type1/public/amsfonts/cm/cmr5.pfb></usr/share/texlive/texmf-dist/fonts/type1/public/amsfonts/cm/cmr7.pfb></usr/share/texlive/texmf-dist/fonts/type1/public/amsfonts/cm/cmss10.pfb></usr/share/texlive/texmf-dist/fonts/type1/public/amsfonts/cm/cmss12.pfb></usr/share/texlive/texmf-dist/fonts/type1/public/amsfonts/cm/cmss17.pfb></usr/share/texlive/texmf-dist/fonts/type1/public/amsfonts/cm/cmssbx10.pfb></usr/share/texlive/texmf-dist/fonts/type1/public/amsfonts/cm/cmssi10.pfb></usr/share/texlive/texmf-dist/fonts/type1/public/amsfonts/cm/cmsy10.pfb></usr/share/texlive/texmf-dist/fonts/type1/public/amsfonts/cm/cmsy7.pfb>
Output written on synthèse.pdf (45 pages, 4601337 bytes).
PDF statistics:
 307 PDF objects out of 1000 (max. 8388607)
 149 compressed objects within 2 object streams
 0 named destinations out of 1000 (max. 500000)
 201 words of extra memory for PDF output out of 10000 (max. 10000000)

